
CommandNotFoundError: Your shell has not been properly configured to use 'conda activate'.
To initialize your shell, run

    $ conda init <SHELL_NAME>

Currently supported shells are:
  - bash
  - fish
  - tcsh
  - xonsh
  - zsh
  - powershell

See 'conda init --help' for more information and options.

IMPORTANT: You may need to close and restart your shell after running 'conda init'.


Running EcoTyper...
Skipping step 1 (extract cell type specific genes)...

Step 2 (cell state discovery on correrlation matrices): Calculating correlation matrices...
INFO [2022-08-05 17:02:44] Step 2 (cell state discovery on correrlation matrices): Calculating correlation matrices...
INFO [2022-08-05 17:02:44] Done running jobs...
INFO [2022-08-05 17:02:44] Starting NMF script...
Step 2 (cell state discovery on correrlation matrices): Running NMF (Warning: This step might take a long time!)...
Running NMF on 'alpha_beta.t.cell' (number of states = 4, restart 5)...
Running NMF on 'alpha_beta.t.cell' (number of states = 3, restart 2)...
Running NMF on 'alpha_beta.t.cell' (number of states = 5, restart 5)...
Running NMF on 'alpha_beta.t.cell' (number of states = 2, restart 2)...
Running NMF on 'alpha_beta.t.cell' (number of states = 5, restart 4)...
Running NMF on 'alpha_beta.t.cell' (number of states = 5, restart 3)...
Running NMF on 'alpha_beta.t.cell' (number of states = 3, restart 3)...
Running NMF on 'alpha_beta.t.cell' (number of states = 4, restart 4)...
Running NMF on 'alpha_beta.t.cell' (number of states = 4, restart 2)...
Running NMF on 'alpha_beta.t.cell' (number of states = 5, restart 2)...
Running NMF on 'alpha_beta.t.cell' (number of states = 4, restart 1)...
Running NMF on 'alpha_beta.t.cell' (number of states = 2, restart 4)...
Running NMF on 'alpha_beta.t.cell' (number of states = 2, restart 1)...
Running NMF on 'alpha_beta.t.cell' (number of states = 3, restart 1)...
Running NMF on 'alpha_beta.t.cell' (number of states = 2, restart 5)...
Running NMF on 'alpha_beta.t.cell' (number of states = 2, restart 3)...
Running NMF on 'alpha_beta.t.cell' (number of states = 4, restart 3)...
Running NMF on 'alpha_beta.t.cell' (number of states = 5, restart 1)...
Running NMF on 'alpha_beta.t.cell' (number of states = 3, restart 5)...
Running NMF on 'alpha_beta.t.cell' (number of states = 3, restart 4)...
Running NMF on 'alpha_beta.t.cell' (number of states = 6, restart 5)...
Running NMF on 'alpha_beta.t.cell' (number of states = 6, restart 2)...
Running NMF on 'alpha_beta.t.cell' (number of states = 6, restart 1)...
Running NMF on 'alpha_beta.t.cell' (number of states = 6, restart 4)...
Running NMF on 'alpha_beta.t.cell' (number of states = 6, restart 3)...
Running NMF on 'alpha_beta.t.cell' (number of states = 7, restart 5)...
Running NMF on 'alpha_beta.t.cell' (number of states = 8, restart 5)...
Running NMF on 'alpha_beta.t.cell' (number of states = 7, restart 3)...
Running NMF on 'alpha_beta.t.cell' (number of states = 7, restart 2)...
Running NMF on 'alpha_beta.t.cell' (number of states = 9, restart 2)...
Running NMF on 'alpha_beta.t.cell' (number of states = 7, restart 1)...
Running NMF on 'alpha_beta.t.cell' (number of states = 8, restart 4)...
Running NMF on 'alpha_beta.t.cell' (number of states = 8, restart 1)...
Running NMF on 'alpha_beta.t.cell' (number of states = 9, restart 4)...
Running NMF on 'alpha_beta.t.cell' (number of states = 9, restart 1)...
Running NMF on 'alpha_beta.t.cell' (number of states = 7, restart 4)...
Running NMF on 'alpha_beta.t.cell' (number of states = 8, restart 3)...
Running NMF on 'alpha_beta.t.cell' (number of states = 8, restart 2)...
Running NMF on 'alpha_beta.t.cell' (number of states = 10, restart 3)...
Running NMF on 'alpha_beta.t.cell' (number of states = 10, restart 1)...
Running NMF on 'alpha_beta.t.cell' (number of states = 9, restart 5)...
Running NMF on 'alpha_beta.t.cell' (number of states = 9, restart 3)...
Running NMF on 'alpha_beta.t.cell' (number of states = 10, restart 2)...
Running NMF on 'alpha_beta.t.cell' (number of states = 10, restart 5)...
Running NMF on 'alpha_beta.t.cell' (number of states = 10, restart 4)...
Running NMF on 'alpha_beta.t.cell' (number of states = 11, restart 5)...
Running NMF on 'alpha_beta.t.cell' (number of states = 11, restart 3)...
Running NMF on 'alpha_beta.t.cell' (number of states = 11, restart 2)...
Running NMF on 'alpha_beta.t.cell' (number of states = 12, restart 5)...
Running NMF on 'alpha_beta.t.cell' (number of states = 11, restart 1)...
Running NMF on 'alpha_beta.t.cell' (number of states = 12, restart 4)...
Running NMF on 'alpha_beta.t.cell' (number of states = 13, restart 2)...
Running NMF on 'alpha_beta.t.cell' (number of states = 11, restart 4)...
Running NMF on 'alpha_beta.t.cell' (number of states = 12, restart 1)...
Running NMF on 'alpha_beta.t.cell' (number of states = 12, restart 3)...
Running NMF on 'alpha_beta.t.cell' (number of states = 13, restart 4)...
Running NMF on 'alpha_beta.t.cell' (number of states = 13, restart 1)...
Running NMF on 'alpha_beta.t.cell' (number of states = 12, restart 2)...
Running NMF on 'alpha_beta.t.cell' (number of states = 14, restart 3)...
Running NMF on 'alpha_beta.t.cell' (number of states = 14, restart 1)...
Running NMF on 'alpha_beta.t.cell' (number of states = 13, restart 5)...
Running NMF on 'alpha_beta.t.cell' (number of states = 13, restart 3)...
Running NMF on 'alpha_beta.t.cell' (number of states = 14, restart 2)...
Running NMF on 'alpha_beta.t.cell' (number of states = 14, restart 4)...
Running NMF on 'alpha_beta.t.cell' (number of states = 14, restart 5)...
Running NMF on 'alpha_beta.t.cell' (number of states = 15, restart 3)...
Running NMF on 'alpha_beta.t.cell' (number of states = 15, restart 5)...
Running NMF on 'alpha_beta.t.cell' (number of states = 15, restart 2)...
Running NMF on 'alpha_beta.t.cell' (number of states = 15, restart 1)...
Running NMF on 'alpha_beta.t.cell' (number of states = 16, restart 5)...
Running NMF on 'alpha_beta.t.cell' (number of states = 15, restart 4)...
Running NMF on 'alpha_beta.t.cell' (number of states = 16, restart 4)...
Running NMF on 'alpha_beta.t.cell' (number of states = 16, restart 1)...
Running NMF on 'alpha_beta.t.cell' (number of states = 17, restart 2)...
Running NMF on 'alpha_beta.t.cell' (number of states = 16, restart 3)...
Running NMF on 'alpha_beta.t.cell' (number of states = 16, restart 2)...
Running NMF on 'alpha_beta.t.cell' (number of states = 17, restart 4)...
Running NMF on 'alpha_beta.t.cell' (number of states = 17, restart 1)...
Running NMF on 'alpha_beta.t.cell' (number of states = 17, restart 5)...
Running NMF on 'alpha_beta.t.cell' (number of states = 17, restart 3)...
Running NMF on 'alpha_beta.t.cell' (number of states = 18, restart 3)...
Running NMF on 'alpha_beta.t.cell' (number of states = 18, restart 1)...
Running NMF on 'alpha_beta.t.cell' (number of states = 18, restart 2)...
Running NMF on 'alpha_beta.t.cell' (number of states = 18, restart 4)...
Running NMF on 'alpha_beta.t.cell' (number of states = 18, restart 5)...
Running NMF on 'alpha_beta.t.cell' (number of states = 19, restart 2)...
Running NMF on 'alpha_beta.t.cell' (number of states = 19, restart 3)...
Running NMF on 'alpha_beta.t.cell' (number of states = 19, restart 5)...
Running NMF on 'alpha_beta.t.cell' (number of states = 19, restart 1)...
Running NMF on 'alpha_beta.t.cell' (number of states = 20, restart 5)...
Running NMF on 'alpha_beta.t.cell' (number of states = 19, restart 4)...
Running NMF on 'alpha_beta.t.cell' (number of states = 20, restart 4)...
Running NMF on 'alpha_beta.t.cell' (number of states = 20, restart 1)...
Running NMF on 'alpha_beta.t.cell' (number of states = 20, restart 3)...
Running NMF on 'alpha_beta.t.cell' (number of states = 20, restart 2)...
Running NMF on 'central.venous.hepatic.sinusoidal.endothelial.cell' (number of states = 2, restart 2)...
Running NMF on 'central.venous.hepatic.sinusoidal.endothelial.cell' (number of states = 6, restart 2)...
Running NMF on 'central.venous.hepatic.sinusoidal.endothelial.cell' (number of states = 10, restart 2)...
Running NMF on 'central.venous.hepatic.sinusoidal.endothelial.cell' (number of states = 2, restart 1)...
Running NMF on 'central.venous.hepatic.sinusoidal.endothelial.cell' (number of states = 6, restart 1)...
Running NMF on 'central.venous.hepatic.sinusoidal.endothelial.cell' (number of states = 2, restart 4)...
Running NMF on 'central.venous.hepatic.sinusoidal.endothelial.cell' (number of states = 6, restart 4)...
Running NMF on 'central.venous.hepatic.sinusoidal.endothelial.cell' (number of states = 14, restart 2)...
Running NMF on 'central.venous.hepatic.sinusoidal.endothelial.cell' (number of states = 10, restart 1)...
Running NMF on 'central.venous.hepatic.sinusoidal.endothelial.cell' (number of states = 10, restart 4)...
Running NMF on 'central.venous.hepatic.sinusoidal.endothelial.cell' (number of states = 14, restart 1)...
Running NMF on 'central.venous.hepatic.sinusoidal.endothelial.cell' (number of states = 14, restart 4)...
Running NMF on 'central.venous.hepatic.sinusoidal.endothelial.cell' (number of states = 18, restart 2)...
Running NMF on 'central.venous.hepatic.sinusoidal.endothelial.cell' (number of states = 2, restart 5)...
Running NMF on 'central.venous.hepatic.sinusoidal.endothelial.cell' (number of states = 2, restart 3)...
Running NMF on 'central.venous.hepatic.sinusoidal.endothelial.cell' (number of states = 6, restart 5)...
Running NMF on 'central.venous.hepatic.sinusoidal.endothelial.cell' (number of states = 6, restart 3)...
Running NMF on 'central.venous.hepatic.sinusoidal.endothelial.cell' (number of states = 18, restart 1)...
Running NMF on 'central.venous.hepatic.sinusoidal.endothelial.cell' (number of states = 18, restart 4)...
Running NMF on 'central.venous.hepatic.sinusoidal.endothelial.cell' (number of states = 10, restart 5)...
Running NMF on 'central.venous.hepatic.sinusoidal.endothelial.cell' (number of states = 10, restart 3)...
Running NMF on 'cholangiocyte' (number of states = 3, restart 1)...
Running NMF on 'cholangiocyte' (number of states = 3, restart 2)...
Running NMF on 'central.venous.hepatic.sinusoidal.endothelial.cell' (number of states = 14, restart 5)...
Running NMF on 'central.venous.hepatic.sinusoidal.endothelial.cell' (number of states = 3, restart 3)...
Running NMF on 'cholangiocyte' (number of states = 7, restart 1)...
Running NMF on 'cholangiocyte' (number of states = 7, restart 2)...
Running NMF on 'cholangiocyte' (number of states = 11, restart 1)...
Running NMF on 'central.venous.hepatic.sinusoidal.endothelial.cell' (number of states = 14, restart 3)...
Running NMF on 'central.venous.hepatic.sinusoidal.endothelial.cell' (number of states = 7, restart 3)...
Running NMF on 'cholangiocyte' (number of states = 11, restart 2)...
Running NMF on 'central.venous.hepatic.sinusoidal.endothelial.cell' (number of states = 3, restart 1)...
Running NMF on 'cholangiocyte' (number of states = 15, restart 1)...
Running NMF on 'cholangiocyte' (number of states = 15, restart 2)...
Running NMF on 'central.venous.hepatic.sinusoidal.endothelial.cell' (number of states = 7, restart 1)...
Running NMF on 'cholangiocyte' (number of states = 19, restart 1)...
Running NMF on 'central.venous.hepatic.sinusoidal.endothelial.cell' (number of states = 3, restart 2)...
Running NMF on 'cholangiocyte' (number of states = 19, restart 2)...
Running NMF on 'erythroid.lineage.cell' (number of states = 4, restart 1)...
Running NMF on 'cholangiocyte' (number of states = 3, restart 4)...
Running NMF on 'central.venous.hepatic.sinusoidal.endothelial.cell' (number of states = 7, restart 2)...
Running NMF on 'erythroid.lineage.cell' (number of states = 8, restart 1)...
Running NMF on 'erythroid.lineage.cell' (number of states = 4, restart 2)...
Running NMF on 'central.venous.hepatic.sinusoidal.endothelial.cell' (number of states = 11, restart 3)...
Running NMF on 'cholangiocyte' (number of states = 7, restart 4)...
Running NMF on 'central.venous.hepatic.sinusoidal.endothelial.cell' (number of states = 18, restart 3)...
Running NMF on 'central.venous.hepatic.sinusoidal.endothelial.cell' (number of states = 18, restart 5)...
Running NMF on 'erythroid.lineage.cell' (number of states = 12, restart 1)...
Running NMF on 'erythroid.lineage.cell' (number of states = 8, restart 2)...
Running NMF on 'cholangiocyte' (number of states = 11, restart 4)...
Running NMF on 'erythroid.lineage.cell' (number of states = 12, restart 2)...
Running NMF on 'erythroid.lineage.cell' (number of states = 16, restart 1)...
Running NMF on 'central.venous.hepatic.sinusoidal.endothelial.cell' (number of states = 11, restart 1)...
Running NMF on 'cholangiocyte' (number of states = 15, restart 4)...
Running NMF on 'erythroid.lineage.cell' (number of states = 16, restart 2)...
Running NMF on 'erythroid.lineage.cell' (number of states = 20, restart 1)...
Running NMF on 'cholangiocyte' (number of states = 19, restart 4)...
Running NMF on 'erythroid.lineage.cell' (number of states = 20, restart 2)...
Running NMF on 'central.venous.hepatic.sinusoidal.endothelial.cell' (number of states = 11, restart 2)...
Running NMF on 'gamma_delta.t.cell' (number of states = 5, restart 1)...
Running NMF on 'erythroid.lineage.cell' (number of states = 4, restart 4)...
Running NMF on 'central.venous.hepatic.sinusoidal.endothelial.cell' (number of states = 15, restart 3)...
Running NMF on 'gamma_delta.t.cell' (number of states = 5, restart 2)...
Running NMF on 'erythroid.lineage.cell' (number of states = 8, restart 4)...
Running NMF on 'erythroid.lineage.cell' (number of states = 12, restart 4)...
Running NMF on 'cholangiocyte' (number of states = 3, restart 5)...
Running NMF on 'erythroid.lineage.cell' (number of states = 16, restart 4)...
Running NMF on 'central.venous.hepatic.sinusoidal.endothelial.cell' (number of states = 15, restart 1)...
Running NMF on 'cholangiocyte' (number of states = 7, restart 5)...
Running NMF on 'central.venous.hepatic.sinusoidal.endothelial.cell' (number of states = 3, restart 5)...
Running NMF on 'central.venous.hepatic.sinusoidal.endothelial.cell' (number of states = 15, restart 2)...
Running NMF on 'erythroid.lineage.cell' (number of states = 20, restart 4)...
Running NMF on 'cholangiocyte' (number of states = 3, restart 3)...
Running NMF on 'cholangiocyte' (number of states = 11, restart 5)...
Running NMF on 'central.venous.hepatic.sinusoidal.endothelial.cell' (number of states = 7, restart 5)...
Running NMF on 'cholangiocyte' (number of states = 7, restart 3)...
Running NMF on 'central.venous.hepatic.sinusoidal.endothelial.cell' (number of states = 3, restart 4)...
Running NMF on 'gamma_delta.t.cell' (number of states = 5, restart 4)...
Running NMF on 'cholangiocyte' (number of states = 15, restart 5)...
Running NMF on 'cholangiocyte' (number of states = 11, restart 3)...
Running NMF on 'cholangiocyte' (number of states = 19, restart 5)...
Running NMF on 'gamma_delta.t.cell' (number of states = 9, restart 2)...
Running NMF on 'central.venous.hepatic.sinusoidal.endothelial.cell' (number of states = 7, restart 4)...
Running NMF on 'cholangiocyte' (number of states = 15, restart 3)...
Running NMF on 'central.venous.hepatic.sinusoidal.endothelial.cell' (number of states = 19, restart 1)...
Running NMF on 'erythroid.lineage.cell' (number of states = 4, restart 5)...
Running NMF on 'central.venous.hepatic.sinusoidal.endothelial.cell' (number of states = 11, restart 5)...
Running NMF on 'central.venous.hepatic.sinusoidal.endothelial.cell' (number of states = 19, restart 3)...
Running NMF on 'cholangiocyte' (number of states = 19, restart 3)...
Running NMF on 'erythroid.lineage.cell' (number of states = 8, restart 5)...
Running NMF on 'central.venous.hepatic.sinusoidal.endothelial.cell' (number of states = 19, restart 2)...
Running NMF on 'central.venous.hepatic.sinusoidal.endothelial.cell' (number of states = 11, restart 4)...
Running NMF on 'erythroid.lineage.cell' (number of states = 12, restart 5)...
Running NMF on 'erythroid.lineage.cell' (number of states = 4, restart 3)...
Running NMF on 'erythroid.lineage.cell' (number of states = 8, restart 3)...
Running NMF on 'erythroid.lineage.cell' (number of states = 16, restart 5)...
Running NMF on 'erythroid.lineage.cell' (number of states = 12, restart 3)...
Running NMF on 'erythroid.lineage.cell' (number of states = 20, restart 5)...
Running NMF on 'central.venous.hepatic.sinusoidal.endothelial.cell' (number of states = 15, restart 5)...
Running NMF on 'gamma_delta.t.cell' (number of states = 9, restart 1)...
Running NMF on 'erythroid.lineage.cell' (number of states = 16, restart 3)...
Running NMF on 'gamma_delta.t.cell' (number of states = 5, restart 5)...
Running NMF on 'cholangiocyte' (number of states = 4, restart 1)...
Running NMF on 'erythroid.lineage.cell' (number of states = 20, restart 3)...
Running NMF on 'central.venous.hepatic.sinusoidal.endothelial.cell' (number of states = 15, restart 4)...
Running NMF on 'cholangiocyte' (number of states = 8, restart 1)...
Running NMF on 'gamma_delta.t.cell' (number of states = 5, restart 3)...
Running NMF on 'cholangiocyte' (number of states = 12, restart 1)...
Running NMF on 'gamma_delta.t.cell' (number of states = 9, restart 4)...
Running NMF on 'cholangiocyte' (number of states = 16, restart 1)...
Running NMF on 'central.venous.hepatic.sinusoidal.endothelial.cell' (number of states = 19, restart 5)...
Running NMF on 'cholangiocyte' (number of states = 4, restart 2)...
Running NMF on 'cholangiocyte' (number of states = 20, restart 1)...
Running NMF on 'cholangiocyte' (number of states = 4, restart 3)...
Running NMF on 'cholangiocyte' (number of states = 8, restart 2)...
Running NMF on 'cholangiocyte' (number of states = 8, restart 3)...
Running NMF on 'erythroid.lineage.cell' (number of states = 5, restart 1)...
Running NMF on 'cholangiocyte' (number of states = 12, restart 2)...
Running NMF on 'erythroid.lineage.cell' (number of states = 9, restart 1)...
Running NMF on 'cholangiocyte' (number of states = 12, restart 3)...
Running NMF on 'cholangiocyte' (number of states = 16, restart 2)...
Running NMF on 'erythroid.lineage.cell' (number of states = 13, restart 1)...
Running NMF on 'cholangiocyte' (number of states = 16, restart 3)...
Running NMF on 'cholangiocyte' (number of states = 20, restart 2)...
Running NMF on 'erythroid.lineage.cell' (number of states = 17, restart 1)...
Running NMF on 'central.venous.hepatic.sinusoidal.endothelial.cell' (number of states = 19, restart 4)...
Running NMF on 'cholangiocyte' (number of states = 20, restart 3)...
Running NMF on 'erythroid.lineage.cell' (number of states = 5, restart 2)...
Running NMF on 'gamma_delta.t.cell' (number of states = 2, restart 1)...
Running NMF on 'erythroid.lineage.cell' (number of states = 9, restart 2)...
Running NMF on 'erythroid.lineage.cell' (number of states = 5, restart 3)...
Running NMF on 'erythroid.lineage.cell' (number of states = 13, restart 2)...
Running NMF on 'gamma_delta.t.cell' (number of states = 6, restart 1)...
Running NMF on 'erythroid.lineage.cell' (number of states = 9, restart 3)...
Running NMF on 'gamma_delta.t.cell' (number of states = 13, restart 2)...
Running NMF on 'gamma_delta.t.cell' (number of states = 9, restart 3)...
Running NMF on 'erythroid.lineage.cell' (number of states = 17, restart 2)...
Running NMF on 'cholangiocyte' (number of states = 4, restart 5)...
Running NMF on 'gamma_delta.t.cell' (number of states = 9, restart 5)...
Running NMF on 'erythroid.lineage.cell' (number of states = 13, restart 3)...
Running NMF on 'gamma_delta.t.cell' (number of states = 2, restart 2)...
Running NMF on 'cholangiocyte' (number of states = 8, restart 5)...
Running NMF on 'central.venous.hepatic.sinusoidal.endothelial.cell' (number of states = 4, restart 3)...
Running NMF on 'erythroid.lineage.cell' (number of states = 17, restart 3)...
Running NMF on 'cholangiocyte' (number of states = 12, restart 5)...
Running NMF on 'central.venous.hepatic.sinusoidal.endothelial.cell' (number of states = 4, restart 5)...
Running NMF on 'gamma_delta.t.cell' (number of states = 2, restart 3)...
Running NMF on 'central.venous.hepatic.sinusoidal.endothelial.cell' (number of states = 8, restart 3)...
Running NMF on 'gamma_delta.t.cell' (number of states = 6, restart 2)...
Running NMF on 'cholangiocyte' (number of states = 16, restart 5)...
Running NMF on 'cholangiocyte' (number of states = 4, restart 4)...
Running NMF on 'cholangiocyte' (number of states = 8, restart 4)...
Running NMF on 'central.venous.hepatic.sinusoidal.endothelial.cell' (number of states = 8, restart 5)...
Running NMF on 'cholangiocyte' (number of states = 20, restart 5)...
Running NMF on 'gamma_delta.t.cell' (number of states = 6, restart 3)...
Running NMF on 'gamma_delta.t.cell' (number of states = 13, restart 1)...
Running NMF on 'cholangiocyte' (number of states = 12, restart 4)...
Running NMF on 'erythroid.lineage.cell' (number of states = 5, restart 5)...
Running NMF on 'cholangiocyte' (number of states = 16, restart 4)...
Running NMF on 'central.venous.hepatic.sinusoidal.endothelial.cell' (number of states = 4, restart 1)...
Running NMF on 'erythroid.lineage.cell' (number of states = 9, restart 5)...
Running NMF on 'central.venous.hepatic.sinusoidal.endothelial.cell' (number of states = 4, restart 2)...
Running NMF on 'cholangiocyte' (number of states = 20, restart 4)...
Running NMF on 'erythroid.lineage.cell' (number of states = 13, restart 5)...
Running NMF on 'central.venous.hepatic.sinusoidal.endothelial.cell' (number of states = 8, restart 1)...
Running NMF on 'central.venous.hepatic.sinusoidal.endothelial.cell' (number of states = 12, restart 3)...
Running NMF on 'central.venous.hepatic.sinusoidal.endothelial.cell' (number of states = 12, restart 5)...
Running NMF on 'erythroid.lineage.cell' (number of states = 17, restart 5)...
Running NMF on 'gamma_delta.t.cell' (number of states = 13, restart 4)...
Running NMF on 'erythroid.lineage.cell' (number of states = 5, restart 4)...
Running NMF on 'central.venous.hepatic.sinusoidal.endothelial.cell' (number of states = 8, restart 2)...
Running NMF on 'erythroid.lineage.cell' (number of states = 9, restart 4)...
Running NMF on 'gamma_delta.t.cell' (number of states = 2, restart 5)...
Running NMF on 'erythroid.lineage.cell' (number of states = 13, restart 4)...
Running NMF on 'erythroid.lineage.cell' (number of states = 17, restart 4)...
Running NMF on 'central.venous.hepatic.sinusoidal.endothelial.cell' (number of states = 16, restart 3)...
Running NMF on 'gamma_delta.t.cell' (number of states = 6, restart 5)...
Running NMF on 'gamma_delta.t.cell' (number of states = 10, restart 2)...
Running NMF on 'gamma_delta.t.cell' (number of states = 10, restart 1)...
Running NMF on 'central.venous.hepatic.sinusoidal.endothelial.cell' (number of states = 5, restart 5)...
Running NMF on 'gamma_delta.t.cell' (number of states = 2, restart 4)...
Running NMF on 'central.venous.hepatic.sinusoidal.endothelial.cell' (number of states = 12, restart 1)...
Running NMF on 'central.venous.hepatic.sinusoidal.endothelial.cell' (number of states = 12, restart 2)...
Running NMF on 'central.venous.hepatic.sinusoidal.endothelial.cell' (number of states = 16, restart 5)...
Running NMF on 'central.venous.hepatic.sinusoidal.endothelial.cell' (number of states = 9, restart 5)...
Running NMF on 'gamma_delta.t.cell' (number of states = 6, restart 4)...
Running NMF on 'central.venous.hepatic.sinusoidal.endothelial.cell' (number of states = 4, restart 4)...
Running NMF on 'central.venous.hepatic.sinusoidal.endothelial.cell' (number of states = 8, restart 4)...
Running NMF on 'central.venous.hepatic.sinusoidal.endothelial.cell' (number of states = 16, restart 1)...
Running NMF on 'central.venous.hepatic.sinusoidal.endothelial.cell' (number of states = 16, restart 2)...
Running NMF on 'central.venous.hepatic.sinusoidal.endothelial.cell' (number of states = 20, restart 3)...
Running NMF on 'gamma_delta.t.cell' (number of states = 13, restart 3)...
Running NMF on 'central.venous.hepatic.sinusoidal.endothelial.cell' (number of states = 13, restart 5)...
Running NMF on 'gamma_delta.t.cell' (number of states = 13, restart 5)...
Running NMF on 'gamma_delta.t.cell' (number of states = 10, restart 3)...
Running NMF on 'central.venous.hepatic.sinusoidal.endothelial.cell' (number of states = 20, restart 5)...
Running NMF on 'central.venous.hepatic.sinusoidal.endothelial.cell' (number of states = 12, restart 4)...
Running NMF on 'central.venous.hepatic.sinusoidal.endothelial.cell' (number of states = 5, restart 4)...
Running NMF on 'cholangiocyte' (number of states = 5, restart 3)...
Running NMF on 'cholangiocyte' (number of states = 9, restart 3)...
Running NMF on 'central.venous.hepatic.sinusoidal.endothelial.cell' (number of states = 20, restart 1)...
Running NMF on 'gamma_delta.t.cell' (number of states = 17, restart 2)...
Running NMF on 'central.venous.hepatic.sinusoidal.endothelial.cell' (number of states = 20, restart 2)...
Running NMF on 'central.venous.hepatic.sinusoidal.endothelial.cell' (number of states = 9, restart 4)...
Running NMF on 'central.venous.hepatic.sinusoidal.endothelial.cell' (number of states = 17, restart 5)...
Running NMF on 'cholangiocyte' (number of states = 13, restart 3)...
Running NMF on 'gamma_delta.t.cell' (number of states = 10, restart 5)...
Running NMF on 'cholangiocyte' (number of states = 17, restart 3)...
Running NMF on 'central.venous.hepatic.sinusoidal.endothelial.cell' (number of states = 16, restart 4)...
Running NMF on 'erythroid.lineage.cell' (number of states = 2, restart 3)...
Running NMF on 'central.venous.hepatic.sinusoidal.endothelial.cell' (number of states = 13, restart 4)...
Running NMF on 'erythroid.lineage.cell' (number of states = 6, restart 3)...
Running NMF on 'gamma_delta.t.cell' (number of states = 10, restart 4)...
Running NMF on 'erythroid.lineage.cell' (number of states = 10, restart 3)...
Running NMF on 'central.venous.hepatic.sinusoidal.endothelial.cell' (number of states = 5, restart 2)...
Running NMF on 'cholangiocyte' (number of states = 5, restart 5)...
Running NMF on 'gamma_delta.t.cell' (number of states = 17, restart 1)...
Running NMF on 'central.venous.hepatic.sinusoidal.endothelial.cell' (number of states = 20, restart 4)...
Running NMF on 'erythroid.lineage.cell' (number of states = 14, restart 3)...
Running NMF on 'cholangiocyte' (number of states = 9, restart 5)...
Running NMF on 'erythroid.lineage.cell' (number of states = 18, restart 3)...
Running NMF on 'cholangiocyte' (number of states = 13, restart 5)...
Running NMF on 'gamma_delta.t.cell' (number of states = 14, restart 1)...
Running NMF on 'central.venous.hepatic.sinusoidal.endothelial.cell' (number of states = 5, restart 1)...
Running NMF on 'gamma_delta.t.cell' (number of states = 14, restart 2)...
Running NMF on 'central.venous.hepatic.sinusoidal.endothelial.cell' (number of states = 5, restart 3)...
Running NMF on 'gamma_delta.t.cell' (number of states = 3, restart 3)...
Running NMF on 'cholangiocyte' (number of states = 2, restart 5)...
Running NMF on 'cholangiocyte' (number of states = 17, restart 5)...
Running NMF on 'central.venous.hepatic.sinusoidal.endothelial.cell' (number of states = 9, restart 2)...
Running NMF on 'cholangiocyte' (number of states = 6, restart 5)...
Running NMF on 'gamma_delta.t.cell' (number of states = 17, restart 4)...
Running NMF on 'cholangiocyte' (number of states = 10, restart 5)...
Running NMF on 'central.venous.hepatic.sinusoidal.endothelial.cell' (number of states = 9, restart 3)...
Running NMF on 'cholangiocyte' (number of states = 5, restart 1)...
Running NMF on 'erythroid.lineage.cell' (number of states = 2, restart 5)...
Running NMF on 'central.venous.hepatic.sinusoidal.endothelial.cell' (number of states = 17, restart 4)...
Running NMF on 'central.venous.hepatic.sinusoidal.endothelial.cell' (number of states = 9, restart 1)...
Running NMF on 'gamma_delta.t.cell' (number of states = 7, restart 3)...
Running NMF on 'cholangiocyte' (number of states = 5, restart 2)...
Running NMF on 'erythroid.lineage.cell' (number of states = 6, restart 5)...
Running NMF on 'cholangiocyte' (number of states = 14, restart 5)...
Running NMF on 'cholangiocyte' (number of states = 9, restart 1)...
Running NMF on 'cholangiocyte' (number of states = 9, restart 2)...
Running NMF on 'erythroid.lineage.cell' (number of states = 10, restart 5)...
Running NMF on 'central.venous.hepatic.sinusoidal.endothelial.cell' (number of states = 13, restart 2)...
Running NMF on 'cholangiocyte' (number of states = 13, restart 1)...
Running NMF on 'cholangiocyte' (number of states = 18, restart 5)...
Running NMF on 'erythroid.lineage.cell' (number of states = 14, restart 5)...
Running NMF on 'cholangiocyte' (number of states = 13, restart 2)...
Running NMF on 'erythroid.lineage.cell' (number of states = 3, restart 5)...
Running NMF on 'cholangiocyte' (number of states = 17, restart 1)...
Running NMF on 'erythroid.lineage.cell' (number of states = 18, restart 5)...
Running NMF on 'cholangiocyte' (number of states = 5, restart 4)...
Running NMF on 'cholangiocyte' (number of states = 17, restart 2)...
Running NMF on 'erythroid.lineage.cell' (number of states = 7, restart 5)...
Running NMF on 'central.venous.hepatic.sinusoidal.endothelial.cell' (number of states = 13, restart 1)...
Running NMF on 'erythroid.lineage.cell' (number of states = 2, restart 1)...
Running NMF on 'cholangiocyte' (number of states = 9, restart 4)...
Running NMF on 'gamma_delta.t.cell' (number of states = 3, restart 5)...
Running NMF on 'gamma_delta.t.cell' (number of states = 14, restart 3)...
Running NMF on 'erythroid.lineage.cell' (number of states = 11, restart 5)...
Running NMF on 'central.venous.hepatic.sinusoidal.endothelial.cell' (number of states = 13, restart 3)...
Running NMF on 'erythroid.lineage.cell' (number of states = 6, restart 1)...
Running NMF on 'erythroid.lineage.cell' (number of states = 2, restart 2)...
Running NMF on 'cholangiocyte' (number of states = 13, restart 4)...
Running NMF on 'erythroid.lineage.cell' (number of states = 15, restart 5)...
Running NMF on 'erythroid.lineage.cell' (number of states = 10, restart 1)...
Running NMF on 'erythroid.lineage.cell' (number of states = 6, restart 2)...
Running NMF on 'cholangiocyte' (number of states = 2, restart 4)...
Running NMF on 'erythroid.lineage.cell' (number of states = 10, restart 2)...
Running NMF on 'cholangiocyte' (number of states = 17, restart 4)...
Running NMF on 'erythroid.lineage.cell' (number of states = 14, restart 1)...
Running NMF on 'erythroid.lineage.cell' (number of states = 19, restart 5)...
Running NMF on 'cholangiocyte' (number of states = 6, restart 4)...
Running NMF on 'central.venous.hepatic.sinusoidal.endothelial.cell' (number of states = 17, restart 2)...
Running NMF on 'erythroid.lineage.cell' (number of states = 14, restart 2)...
Running NMF on 'gamma_delta.t.cell' (number of states = 17, restart 3)...
Running NMF on 'erythroid.lineage.cell' (number of states = 18, restart 1)...
Running NMF on 'erythroid.lineage.cell' (number of states = 2, restart 4)...
Running NMF on 'cholangiocyte' (number of states = 10, restart 4)...
Running NMF on 'gamma_delta.t.cell' (number of states = 7, restart 5)...
Running NMF on 'gamma_delta.t.cell' (number of states = 4, restart 5)...
Running NMF on 'central.venous.hepatic.sinusoidal.endothelial.cell' (number of states = 17, restart 1)...
Running NMF on 'erythroid.lineage.cell' (number of states = 18, restart 2)...
Running NMF on 'erythroid.lineage.cell' (number of states = 6, restart 4)...
Running NMF on 'cholangiocyte' (number of states = 14, restart 4)...
Running NMF on 'gamma_delta.t.cell' (number of states = 3, restart 1)...
Running NMF on 'gamma_delta.t.cell' (number of states = 17, restart 5)...
Running NMF on 'erythroid.lineage.cell' (number of states = 10, restart 4)...
Running NMF on 'gamma_delta.t.cell' (number of states = 3, restart 2)...
Running NMF on 'cholangiocyte' (number of states = 18, restart 4)...
Running NMF on 'erythroid.lineage.cell' (number of states = 14, restart 4)...
Running NMF on 'erythroid.lineage.cell' (number of states = 3, restart 4)...
Running NMF on 'erythroid.lineage.cell' (number of states = 18, restart 4)...
Running NMF on 'erythroid.lineage.cell' (number of states = 7, restart 4)...
Running NMF on 'gamma_delta.t.cell' (number of states = 14, restart 5)...
Running NMF on 'central.venous.hepatic.sinusoidal.endothelial.cell' (number of states = 17, restart 3)...
Running NMF on 'gamma_delta.t.cell' (number of states = 8, restart 5)...
Running NMF on 'gamma_delta.t.cell' (number of states = 7, restart 1)...
Running NMF on 'gamma_delta.t.cell' (number of states = 3, restart 4)...
Running NMF on 'erythroid.lineage.cell' (number of states = 11, restart 4)...
Running NMF on 'gamma_delta.t.cell' (number of states = 7, restart 2)...
Running NMF on 'erythroid.lineage.cell' (number of states = 15, restart 4)...
Running NMF on 'cholangiocyte' (number of states = 2, restart 1)...
Running NMF on 'gamma_delta.t.cell' (number of states = 14, restart 4)...
Running NMF on 'erythroid.lineage.cell' (number of states = 19, restart 4)...
Running NMF on 'cholangiocyte' (number of states = 6, restart 1)...
Running NMF on 'gamma_delta.t.cell' (number of states = 11, restart 3)...
Running NMF on 'cholangiocyte' (number of states = 10, restart 1)...
Running NMF on 'gamma_delta.t.cell' (number of states = 4, restart 4)...
Running NMF on 'cholangiocyte' (number of states = 2, restart 2)...
Running NMF on 'cholangiocyte' (number of states = 14, restart 1)...
Running NMF on 'cholangiocyte' (number of states = 6, restart 2)...
Running NMF on 'gamma_delta.t.cell' (number of states = 7, restart 4)...
Running NMF on 'cholangiocyte' (number of states = 10, restart 2)...
Running NMF on 'cholangiocyte' (number of states = 2, restart 3)...
Running NMF on 'cholangiocyte' (number of states = 18, restart 1)...
Running NMF on 'cholangiocyte' (number of states = 14, restart 2)...
Running NMF on 'cholangiocyte' (number of states = 6, restart 3)...
Running NMF on 'gamma_delta.t.cell' (number of states = 8, restart 4)...
Running NMF on 'erythroid.lineage.cell' (number of states = 3, restart 1)...
Running NMF on 'cholangiocyte' (number of states = 10, restart 3)...
Running NMF on 'cholangiocyte' (number of states = 18, restart 2)...
Running NMF on 'erythroid.lineage.cell' (number of states = 7, restart 1)...
Running NMF on 'cholangiocyte' (number of states = 14, restart 3)...
Running NMF on 'erythroid.lineage.cell' (number of states = 11, restart 1)...
Running NMF on 'erythroid.lineage.cell' (number of states = 3, restart 2)...
Running NMF on 'erythroid.lineage.cell' (number of states = 15, restart 1)...
Running NMF on 'gamma_delta.t.cell' (number of states = 18, restart 1)...
Running NMF on 'cholangiocyte' (number of states = 18, restart 3)...
Running NMF on 'erythroid.lineage.cell' (number of states = 7, restart 2)...
Running NMF on 'erythroid.lineage.cell' (number of states = 19, restart 1)...
Running NMF on 'erythroid.lineage.cell' (number of states = 11, restart 2)...
Running NMF on 'hepatocyte' (number of states = 2, restart 2)...
Running NMF on 'gamma_delta.t.cell' (number of states = 11, restart 5)...
Running NMF on 'erythroid.lineage.cell' (number of states = 3, restart 3)...
Running NMF on 'gamma_delta.t.cell' (number of states = 18, restart 2)...
Running NMF on 'erythroid.lineage.cell' (number of states = 15, restart 2)...
Running NMF on 'gamma_delta.t.cell' (number of states = 4, restart 1)...
Running NMF on 'erythroid.lineage.cell' (number of states = 7, restart 3)...
Running NMF on 'gamma_delta.t.cell' (number of states = 11, restart 1)...
Running NMF on 'gamma_delta.t.cell' (number of states = 11, restart 2)...
Running NMF on 'erythroid.lineage.cell' (number of states = 19, restart 2)...
Running NMF on 'erythroid.lineage.cell' (number of states = 11, restart 3)...
Running NMF on 'erythroid.lineage.cell' (number of states = 15, restart 3)...
Running NMF on 'gamma_delta.t.cell' (number of states = 4, restart 2)...
Running NMF on 'erythroid.lineage.cell' (number of states = 19, restart 3)...
Running NMF on 'gamma_delta.t.cell' (number of states = 8, restart 1)...
Running NMF on 'gamma_delta.t.cell' (number of states = 12, restart 5)...
Running NMF on 'hepatocyte' (number of states = 2, restart 1)...
Running NMF on 'gamma_delta.t.cell' (number of states = 18, restart 3)...
Running NMF on 'gamma_delta.t.cell' (number of states = 4, restart 3)...
Running NMF on 'gamma_delta.t.cell' (number of states = 8, restart 2)...
Running NMF on 'gamma_delta.t.cell' (number of states = 11, restart 4)...
Running NMF on 'gamma_delta.t.cell' (number of states = 8, restart 3)...
Running NMF on 'hepatocyte' (number of states = 2, restart 4)...
Running NMF on 'gamma_delta.t.cell' (number of states = 15, restart 3)...
Running NMF on 'gamma_delta.t.cell' (number of states = 12, restart 4)...
Running NMF on 'gamma_delta.t.cell' (number of states = 18, restart 5)...
Running NMF on 'gamma_delta.t.cell' (number of states = 18, restart 4)...
Running NMF on 'hepatocyte' (number of states = 2, restart 3)...
Running NMF on 'hepatocyte' (number of states = 2, restart 5)...
Running NMF on 'gamma_delta.t.cell' (number of states = 15, restart 5)...
Running NMF on 'gamma_delta.t.cell' (number of states = 12, restart 1)...
Running NMF on 'gamma_delta.t.cell' (number of states = 15, restart 1)...
Running NMF on 'gamma_delta.t.cell' (number of states = 12, restart 2)...
Running NMF on 'gamma_delta.t.cell' (number of states = 15, restart 2)...
Running NMF on 'gamma_delta.t.cell' (number of states = 12, restart 3)...
Running NMF on 'gamma_delta.t.cell' (number of states = 16, restart 5)...
Running NMF on 'gamma_delta.t.cell' (number of states = 15, restart 4)...
Running NMF on 'hepatocyte' (number of states = 3, restart 1)...
Running NMF on 'gamma_delta.t.cell' (number of states = 16, restart 4)...
Running NMF on 'hepatocyte' (number of states = 3, restart 2)...
Running NMF on 'gamma_delta.t.cell' (number of states = 19, restart 3)...
Running NMF on 'hepatocyte' (number of states = 3, restart 3)...
Running NMF on 'hepatocyte' (number of states = 6, restart 2)...
Running NMF on 'gamma_delta.t.cell' (number of states = 16, restart 1)...
Running NMF on 'gamma_delta.t.cell' (number of states = 16, restart 2)...
Running NMF on 'gamma_delta.t.cell' (number of states = 19, restart 5)...
Running NMF on 'gamma_delta.t.cell' (number of states = 16, restart 3)...
Running NMF on 'gamma_delta.t.cell' (number of states = 19, restart 1)...
Running NMF on 'hepatocyte' (number of states = 6, restart 1)...
Running NMF on 'hepatocyte' (number of states = 3, restart 5)...
Running NMF on 'gamma_delta.t.cell' (number of states = 19, restart 2)...
Running NMF on 'hepatocyte' (number of states = 6, restart 4)...
Running NMF on 'hepatocyte' (number of states = 3, restart 4)...
Running NMF on 'gamma_delta.t.cell' (number of states = 20, restart 5)...
Running NMF on 'gamma_delta.t.cell' (number of states = 19, restart 4)...
Running NMF on 'hepatocyte' (number of states = 6, restart 5)...
Running NMF on 'hepatocyte' (number of states = 6, restart 3)...
Running NMF on 'gamma_delta.t.cell' (number of states = 20, restart 4)...
Running NMF on 'gamma_delta.t.cell' (number of states = 20, restart 1)...
Running NMF on 'gamma_delta.t.cell' (number of states = 20, restart 2)...
Running NMF on 'hepatocyte' (number of states = 4, restart 3)...
Running NMF on 'gamma_delta.t.cell' (number of states = 20, restart 3)...
Running NMF on 'hepatocyte' (number of states = 4, restart 5)...
Running NMF on 'hepatocyte' (number of states = 4, restart 1)...
Running NMF on 'hepatocyte' (number of states = 4, restart 2)...
Running NMF on 'hepatocyte' (number of states = 7, restart 2)...
Running NMF on 'hepatocyte' (number of states = 4, restart 4)...
Running NMF on 'hepatocyte' (number of states = 5, restart 5)...
Running NMF on 'hepatocyte' (number of states = 7, restart 5)...
Running NMF on 'hepatocyte' (number of states = 5, restart 4)...
Running NMF on 'hepatocyte' (number of states = 5, restart 1)...
Running NMF on 'hepatocyte' (number of states = 5, restart 2)...
Running NMF on 'hepatocyte' (number of states = 5, restart 3)...
Running NMF on 'hepatocyte' (number of states = 7, restart 3)...
Running NMF on 'hepatocyte' (number of states = 7, restart 4)...
Running NMF on 'hepatocyte' (number of states = 7, restart 1)...
Running NMF on 'hepatocyte' (number of states = 8, restart 1)...
Running NMF on 'hepatocyte' (number of states = 8, restart 3)...
Running NMF on 'hepatocyte' (number of states = 8, restart 5)...
Running NMF on 'hepatocyte' (number of states = 8, restart 4)...
Running NMF on 'hepatocyte' (number of states = 10, restart 4)...
Running NMF on 'hepatocyte' (number of states = 8, restart 2)...
Running NMF on 'hepatocyte' (number of states = 9, restart 4)...
Running NMF on 'hepatocyte' (number of states = 9, restart 3)...
Running NMF on 'hepatocyte' (number of states = 10, restart 2)...
Running NMF on 'hepatocyte' (number of states = 9, restart 1)...
Running NMF on 'hepatocyte' (number of states = 10, restart 5)...
Running NMF on 'hepatocyte' (number of states = 10, restart 1)...
Running NMF on 'hepatocyte' (number of states = 10, restart 3)...
Running NMF on 'hepatocyte' (number of states = 9, restart 2)...
Running NMF on 'hepatocyte' (number of states = 9, restart 5)...
Running NMF on 'hepatocyte' (number of states = 11, restart 5)...
Running NMF on 'hepatocyte' (number of states = 11, restart 4)...
Running NMF on 'hepatocyte' (number of states = 11, restart 2)...
Running NMF on 'hepatocyte' (number of states = 11, restart 3)...
Running NMF on 'hepatocyte' (number of states = 11, restart 1)...
Running NMF on 'hepatocyte' (number of states = 12, restart 1)...
Running NMF on 'hepatocyte' (number of states = 12, restart 3)...
Running NMF on 'hepatocyte' (number of states = 12, restart 5)...
Running NMF on 'hepatocyte' (number of states = 12, restart 4)...
Running NMF on 'hepatocyte' (number of states = 12, restart 2)...
Running NMF on 'hepatocyte' (number of states = 14, restart 4)...
Running NMF on 'hepatocyte' (number of states = 13, restart 3)...
Running NMF on 'hepatocyte' (number of states = 13, restart 4)...
Running NMF on 'hepatocyte' (number of states = 13, restart 1)...
Running NMF on 'hepatocyte' (number of states = 14, restart 2)...
Running NMF on 'hepatocyte' (number of states = 14, restart 5)...
Running NMF on 'hepatocyte' (number of states = 13, restart 2)...
Running NMF on 'hepatocyte' (number of states = 13, restart 5)...
Running NMF on 'hepatocyte' (number of states = 14, restart 1)...
Running NMF on 'hepatocyte' (number of states = 14, restart 3)...
Running NMF on 'hepatocyte' (number of states = 15, restart 4)...
Running NMF on 'hepatocyte' (number of states = 15, restart 5)...
Running NMF on 'hepatocyte' (number of states = 15, restart 2)...
Running NMF on 'hepatocyte' (number of states = 15, restart 3)...
Running NMF on 'hepatocyte' (number of states = 15, restart 1)...
Running NMF on 'hepatocyte' (number of states = 16, restart 1)...
Running NMF on 'hepatocyte' (number of states = 16, restart 3)...
Running NMF on 'hepatocyte' (number of states = 16, restart 4)...
Running NMF on 'hepatocyte' (number of states = 16, restart 5)...
Running NMF on 'hepatocyte' (number of states = 16, restart 2)...
Running NMF on 'hepatocyte' (number of states = 17, restart 4)...
Running NMF on 'hepatocyte' (number of states = 17, restart 3)...
Running NMF on 'hepatocyte' (number of states = 17, restart 1)...
Running NMF on 'hepatocyte' (number of states = 18, restart 4)...
Running NMF on 'hepatocyte' (number of states = 18, restart 2)...
Running NMF on 'hepatocyte' (number of states = 17, restart 5)...
Running NMF on 'hepatocyte' (number of states = 17, restart 2)...
Running NMF on 'hepatocyte' (number of states = 18, restart 5)...
Running NMF on 'hepatocyte' (number of states = 18, restart 1)...
Running NMF on 'hepatocyte' (number of states = 18, restart 3)...
Running NMF on 'hepatocyte' (number of states = 19, restart 4)...
Running NMF on 'hepatocyte' (number of states = 19, restart 5)...
Running NMF on 'hepatocyte' (number of states = 19, restart 2)...
Running NMF on 'hepatocyte' (number of states = 19, restart 1)...
Running NMF on 'hepatocyte' (number of states = 19, restart 3)...
Running NMF on 'hepatocyte' (number of states = 20, restart 1)...
Running NMF on 'hepatocyte' (number of states = 20, restart 4)...
Running NMF on 'hepatocyte' (number of states = 20, restart 3)...
Running NMF on 'hepatocyte' (number of states = 20, restart 2)...
Running NMF on 'hepatocyte' (number of states = 20, restart 5)...
Running NMF on 'inflammatory.macrophage' (number of states = 2, restart 4)...
Running NMF on 'inflammatory.macrophage' (number of states = 6, restart 4)...
Running NMF on 'inflammatory.macrophage' (number of states = 2, restart 3)...
Running NMF on 'inflammatory.macrophage' (number of states = 6, restart 3)...
Running NMF on 'inflammatory.macrophage' (number of states = 10, restart 4)...
Running NMF on 'inflammatory.macrophage' (number of states = 10, restart 3)...
Running NMF on 'inflammatory.macrophage' (number of states = 2, restart 1)...
Running NMF on 'inflammatory.macrophage' (number of states = 6, restart 1)...
Running NMF on 'inflammatory.macrophage' (number of states = 14, restart 4)...
Running NMF on 'inflammatory.macrophage' (number of states = 10, restart 1)...
Running NMF on 'inflammatory.macrophage' (number of states = 3, restart 4)...
Running NMF on 'inflammatory.macrophage' (number of states = 14, restart 3)...
Running NMF on 'inflammatory.macrophage' (number of states = 3, restart 2)...
Running NMF on 'inflammatory.macrophage' (number of states = 7, restart 4)...
Running NMF on 'inflammatory.macrophage' (number of states = 7, restart 2)...
Running NMF on 'inflammatory.macrophage' (number of states = 11, restart 4)...
Running NMF on 'inflammatory.macrophage' (number of states = 14, restart 1)...
Running NMF on 'inflammatory.macrophage' (number of states = 11, restart 2)...
Running NMF on 'inflammatory.macrophage' (number of states = 18, restart 4)...
Running NMF on 'inflammatory.macrophage' (number of states = 2, restart 2)...
Running NMF on 'inflammatory.macrophage' (number of states = 2, restart 5)...
Running NMF on 'inflammatory.macrophage' (number of states = 6, restart 2)...
Running NMF on 'inflammatory.macrophage' (number of states = 18, restart 3)...
Running NMF on 'inflammatory.macrophage' (number of states = 6, restart 5)...
Running NMF on 'inflammatory.macrophage' (number of states = 15, restart 4)...
Running NMF on 'inflammatory.macrophage' (number of states = 10, restart 2)...
Running NMF on 'inflammatory.macrophage' (number of states = 10, restart 5)...
Running NMF on 'inflammatory.macrophage' (number of states = 15, restart 2)...
Running NMF on 'inflammatory.macrophage' (number of states = 18, restart 1)...
Running NMF on 'inflammatory.macrophage' (number of states = 3, restart 5)...
Running NMF on 'kupffer.cell' (number of states = 3, restart 4)...
Running NMF on 'kupffer.cell' (number of states = 7, restart 4)...
Running NMF on 'inflammatory.macrophage' (number of states = 7, restart 5)...
Running NMF on 'kupffer.cell' (number of states = 3, restart 3)...
Running NMF on 'kupffer.cell' (number of states = 11, restart 4)...
Running NMF on 'kupffer.cell' (number of states = 7, restart 3)...
Running NMF on 'inflammatory.macrophage' (number of states = 14, restart 5)...
Running NMF on 'inflammatory.macrophage' (number of states = 14, restart 2)...
Running NMF on 'kupffer.cell' (number of states = 11, restart 3)...
Running NMF on 'kupffer.cell' (number of states = 15, restart 4)...
Running NMF on 'inflammatory.macrophage' (number of states = 19, restart 4)...
Running NMF on 'kupffer.cell' (number of states = 15, restart 3)...
Running NMF on 'inflammatory.macrophage' (number of states = 3, restart 1)...
Running NMF on 'kupffer.cell' (number of states = 19, restart 4)...
Running NMF on 'inflammatory.macrophage' (number of states = 19, restart 2)...
Running NMF on 'inflammatory.macrophage' (number of states = 7, restart 1)...
Running NMF on 'inflammatory.macrophage' (number of states = 11, restart 5)...
Running NMF on 'kupffer.cell' (number of states = 19, restart 3)...
Running NMF on 'mature.b.cell' (number of states = 4, restart 4)...
Running NMF on 'mature.b.cell' (number of states = 8, restart 4)...
Running NMF on 'mature.b.cell' (number of states = 12, restart 4)...
Running NMF on 'kupffer.cell' (number of states = 3, restart 1)...
Running NMF on 'inflammatory.macrophage' (number of states = 3, restart 3)...
Running NMF on 'mature.b.cell' (number of states = 16, restart 4)...
Running NMF on 'kupffer.cell' (number of states = 7, restart 1)...
Running NMF on 'mature.b.cell' (number of states = 20, restart 4)...
Running NMF on 'mature.b.cell' (number of states = 4, restart 3)...
Running NMF on 'mature.b.cell' (number of states = 8, restart 3)...
Running NMF on 'natural.killer_like.cell' (number of states = 5, restart 4)...
Running NMF on 'mature.b.cell' (number of states = 12, restart 3)...
Running NMF on 'inflammatory.macrophage' (number of states = 7, restart 3)...
Running NMF on 'kupffer.cell' (number of states = 11, restart 1)...
Running NMF on 'mature.b.cell' (number of states = 16, restart 3)...
Running NMF on 'mature.b.cell' (number of states = 20, restart 3)...
Running NMF on 'natural.killer_like.cell' (number of states = 5, restart 3)...
Running NMF on 'natural.killer_like.cell' (number of states = 9, restart 4)...
Running NMF on 'kupffer.cell' (number of states = 15, restart 1)...
Running NMF on 'inflammatory.macrophage' (number of states = 18, restart 5)...
Running NMF on 'inflammatory.macrophage' (number of states = 11, restart 1)...
Running NMF on 'natural.killer_like.cell' (number of states = 9, restart 3)...
Running NMF on 'inflammatory.macrophage' (number of states = 18, restart 2)...
Running NMF on 'natural.killer_like.cell' (number of states = 13, restart 4)...
Running NMF on 'kupffer.cell' (number of states = 19, restart 1)...
Running NMF on 'inflammatory.macrophage' (number of states = 15, restart 5)...
Running NMF on 'natural.killer_like.cell' (number of states = 13, restart 3)...
Running NMF on 'inflammatory.macrophage' (number of states = 11, restart 3)...
Running NMF on 'kupffer.cell' (number of states = 4, restart 4)...
Running NMF on 'mature.b.cell' (number of states = 4, restart 1)...
Running NMF on 'natural.killer_like.cell' (number of states = 17, restart 4)...
Running NMF on 'mature.b.cell' (number of states = 8, restart 1)...
Running NMF on 'kupffer.cell' (number of states = 8, restart 4)...
Running NMF on 'mature.b.cell' (number of states = 12, restart 1)...
Running NMF on 'mature.b.cell' (number of states = 16, restart 1)...
Running NMF on 'mature.b.cell' (number of states = 20, restart 1)...
Running NMF on 'natural.killer_like.cell' (number of states = 17, restart 3)...
Running NMF on 'kupffer.cell' (number of states = 12, restart 4)...
Running NMF on 'natural.killer_like.cell' (number of states = 5, restart 1)...
Running NMF on 'kupffer.cell' (number of states = 4, restart 2)...
Running NMF on 'kupffer.cell' (number of states = 8, restart 2)...
Running NMF on 'natural.killer_like.cell' (number of states = 9, restart 1)...
Running NMF on 'kupffer.cell' (number of states = 16, restart 4)...
Running NMF on 'inflammatory.macrophage' (number of states = 15, restart 1)...
Running NMF on 'kupffer.cell' (number of states = 12, restart 2)...
Running NMF on 'periportal.hepatic.sinusoidal.endothelial.cell' (number of states = 2, restart 4)...
Running NMF on 'periportal.hepatic.sinusoidal.endothelial.cell' (number of states = 6, restart 4)...
Running NMF on 'periportal.hepatic.sinusoidal.endothelial.cell' (number of states = 10, restart 4)...
Running NMF on 'natural.killer_like.cell' (number of states = 13, restart 1)...
Running NMF on 'periportal.hepatic.sinusoidal.endothelial.cell' (number of states = 2, restart 3)...
Running NMF on 'kupffer.cell' (number of states = 16, restart 2)...
Running NMF on 'periportal.hepatic.sinusoidal.endothelial.cell' (number of states = 14, restart 4)...
Running NMF on 'periportal.hepatic.sinusoidal.endothelial.cell' (number of states = 6, restart 3)...
Running NMF on 'kupffer.cell' (number of states = 20, restart 4)...
Running NMF on 'periportal.hepatic.sinusoidal.endothelial.cell' (number of states = 10, restart 3)...
Running NMF on 'periportal.hepatic.sinusoidal.endothelial.cell' (number of states = 18, restart 4)...
Running NMF on 'periportal.hepatic.sinusoidal.endothelial.cell' (number of states = 14, restart 3)...
Running NMF on 'inflammatory.macrophage' (number of states = 15, restart 3)...
Running NMF on 'kupffer.cell' (number of states = 3, restart 5)...
Running NMF on 'kupffer.cell' (number of states = 20, restart 2)...
Running NMF on 'natural.killer_like.cell' (number of states = 17, restart 1)...
Running NMF on 'kupffer.cell' (number of states = 7, restart 5)...
Running NMF on 'kupffer.cell' (number of states = 3, restart 2)...
Running NMF on 'inflammatory.macrophage' (number of states = 19, restart 5)...
Running NMF on 'kupffer.cell' (number of states = 7, restart 2)...
Running NMF on 'plasma.cell' (number of states = 3, restart 4)...
Running NMF on 'mature.b.cell' (number of states = 5, restart 4)...
Running NMF on 'kupffer.cell' (number of states = 11, restart 5)...
Running NMF on 'plasma.cell' (number of states = 7, restart 4)...
Running NMF on 'periportal.hepatic.sinusoidal.endothelial.cell' (number of states = 18, restart 3)...
Running NMF on 'mature.b.cell' (number of states = 9, restart 4)...
Running NMF on 'mature.b.cell' (number of states = 13, restart 4)...
Running NMF on 'mature.b.cell' (number of states = 17, restart 4)...
Running NMF on 'kupffer.cell' (number of states = 11, restart 2)...
Running NMF on 'natural.killer_like.cell' (number of states = 2, restart 4)...
Running NMF on 'natural.killer_like.cell' (number of states = 6, restart 4)...
Running NMF on 'mature.b.cell' (number of states = 5, restart 2)...
Running NMF on 'kupffer.cell' (number of states = 15, restart 5)...
Running NMF on 'mature.b.cell' (number of states = 9, restart 2)...
Running NMF on 'plasma.cell' (number of states = 11, restart 4)...
Running NMF on 'mature.b.cell' (number of states = 13, restart 2)...
Running NMF on 'plasma.cell' (number of states = 3, restart 3)...
Running NMF on 'mature.b.cell' (number of states = 17, restart 2)...
Running NMF on 'kupffer.cell' (number of states = 15, restart 2)...
Running NMF on 'natural.killer_like.cell' (number of states = 10, restart 4)...
Running NMF on 'natural.killer_like.cell' (number of states = 2, restart 2)...
Running NMF on 'plasma.cell' (number of states = 7, restart 3)...
Running NMF on 'periportal.hepatic.sinusoidal.endothelial.cell' (number of states = 2, restart 1)...
Running NMF on 'natural.killer_like.cell' (number of states = 6, restart 2)...
Running NMF on 'periportal.hepatic.sinusoidal.endothelial.cell' (number of states = 6, restart 1)...
Running NMF on 'periportal.hepatic.sinusoidal.endothelial.cell' (number of states = 10, restart 1)...
Running NMF on 'plasma.cell' (number of states = 11, restart 3)...
Running NMF on 'kupffer.cell' (number of states = 19, restart 5)...
Running NMF on 'periportal.hepatic.sinusoidal.endothelial.cell' (number of states = 14, restart 1)...
Running NMF on 'natural.killer_like.cell' (number of states = 10, restart 2)...
Running NMF on 'kupffer.cell' (number of states = 19, restart 2)...
Running NMF on 'plasma.cell' (number of states = 15, restart 4)...
Running NMF on 'inflammatory.macrophage' (number of states = 19, restart 1)...
Running NMF on 'natural.killer_like.cell' (number of states = 14, restart 4)...
Running NMF on 'inflammatory.macrophage' (number of states = 4, restart 4)...
Running NMF on 'periportal.hepatic.sinusoidal.endothelial.cell' (number of states = 18, restart 1)...
Running NMF on 'plasma.cell' (number of states = 15, restart 3)...
Running NMF on 'mature.b.cell' (number of states = 4, restart 5)...
Running NMF on 'mature.b.cell' (number of states = 8, restart 5)...
Running NMF on 'mature.b.cell' (number of states = 12, restart 5)...
Running NMF on 'natural.killer_like.cell' (number of states = 14, restart 2)...
Running NMF on 'mature.b.cell' (number of states = 16, restart 5)...
Running NMF on 'mature.b.cell' (number of states = 4, restart 2)...
Running NMF on 'mature.b.cell' (number of states = 8, restart 2)...
Running NMF on 'mature.b.cell' (number of states = 20, restart 5)...
Running NMF on 'mature.b.cell' (number of states = 12, restart 2)...
Running NMF on 'plasma.cell' (number of states = 3, restart 1)...
Running NMF on 'inflammatory.macrophage' (number of states = 4, restart 5)...
Running NMF on 'natural.killer_like.cell' (number of states = 5, restart 5)...
Running NMF on 'inflammatory.macrophage' (number of states = 8, restart 4)...
Running NMF on 'mature.b.cell' (number of states = 16, restart 2)...
Running NMF on 'plasma.cell' (number of states = 7, restart 1)...
Running NMF on 'mature.b.cell' (number of states = 20, restart 2)...
Running NMF on 'natural.killer_like.cell' (number of states = 18, restart 4)...
Running NMF on 'plasma.cell' (number of states = 19, restart 4)...
Running NMF on 'natural.killer_like.cell' (number of states = 5, restart 2)...
Running NMF on 'inflammatory.macrophage' (number of states = 19, restart 3)...
Running NMF on 'natural.killer_like.cell' (number of states = 9, restart 5)...
Running NMF on 'inflammatory.macrophage' (number of states = 8, restart 5)...
Running NMF on 'plasma.cell' (number of states = 11, restart 1)...
Running NMF on 'natural.killer_like.cell' (number of states = 9, restart 2)...
Running NMF on 'plasma.cell' (number of states = 19, restart 3)...
Running NMF on 'natural.killer_like.cell' (number of states = 18, restart 2)...
Running NMF on 'kupffer.cell' (number of states = 4, restart 5)...
Running NMF on 'natural.killer_like.cell' (number of states = 13, restart 5)...
Running NMF on 'kupffer.cell' (number of states = 8, restart 5)...
Running NMF on 'natural.killer_like.cell' (number of states = 13, restart 2)...
Running NMF on 'periportal.hepatic.sinusoidal.endothelial.cell' (number of states = 3, restart 4)...
Running NMF on 'plasma.cell' (number of states = 15, restart 1)...
Running NMF on 'periportal.hepatic.sinusoidal.endothelial.cell' (number of states = 7, restart 4)...
Running NMF on 'portal.endothelial.cell' (number of states = 4, restart 4)...
Running NMF on 'periportal.hepatic.sinusoidal.endothelial.cell' (number of states = 11, restart 4)...
Running NMF on 'kupffer.cell' (number of states = 12, restart 5)...
Running NMF on 'portal.endothelial.cell' (number of states = 8, restart 4)...
Running NMF on 'portal.endothelial.cell' (number of states = 12, restart 4)...
Running NMF on 'periportal.hepatic.sinusoidal.endothelial.cell' (number of states = 15, restart 4)...
Running NMF on 'kupffer.cell' (number of states = 16, restart 5)...
Running NMF on 'portal.endothelial.cell' (number of states = 16, restart 4)...
Running NMF on 'inflammatory.macrophage' (number of states = 12, restart 4)...
Running NMF on 'inflammatory.macrophage' (number of states = 4, restart 2)...
Running NMF on 'inflammatory.macrophage' (number of states = 4, restart 1)...
Running NMF on 'periportal.hepatic.sinusoidal.endothelial.cell' (number of states = 3, restart 2)...
Running NMF on 'portal.endothelial.cell' (number of states = 20, restart 4)...
Running NMF on 'portal.endothelial.cell' (number of states = 4, restart 3)...
Running NMF on 'natural.killer_like.cell' (number of states = 17, restart 5)...
Running NMF on 'periportal.hepatic.sinusoidal.endothelial.cell' (number of states = 7, restart 2)...
Running NMF on 'portal.endothelial.cell' (number of states = 8, restart 3)...
Running NMF on 'portal.endothelial.cell' (number of states = 12, restart 3)...
Running NMF on 'natural.killer_like.cell' (number of states = 17, restart 2)...
Running NMF on 'periportal.hepatic.sinusoidal.endothelial.cell' (number of states = 11, restart 2)...
Running NMF on 'periportal.hepatic.sinusoidal.endothelial.cell' (number of states = 19, restart 4)...
Running NMF on 'portal.endothelial.cell' (number of states = 16, restart 3)...
Running NMF on 'inflammatory.macrophage' (number of states = 12, restart 5)...
Running NMF on 'periportal.hepatic.sinusoidal.endothelial.cell' (number of states = 15, restart 2)...
Running NMF on 'portal.endothelial.cell' (number of states = 20, restart 3)...
Running NMF on 'plasma.cell' (number of states = 19, restart 1)...
Running NMF on 'kupffer.cell' (number of states = 20, restart 5)...
Running NMF on 'inflammatory.macrophage' (number of states = 8, restart 2)...
Running NMF on 'inflammatory.macrophage' (number of states = 8, restart 1)...
Running NMF on 'kupffer.cell' (number of states = 4, restart 1)...
Running NMF on 'periportal.hepatic.sinusoidal.endothelial.cell' (number of states = 19, restart 2)...
Running NMF on 'kupffer.cell' (number of states = 8, restart 1)...
Running NMF on 'plasma.cell' (number of states = 4, restart 4)...
Running NMF on 'plasma.cell' (number of states = 8, restart 4)...
Running NMF on 'periportal.hepatic.sinusoidal.endothelial.cell' (number of states = 2, restart 5)...
Running NMF on 'plasma.cell' (number of states = 4, restart 2)...
Running NMF on 'kupffer.cell' (number of states = 12, restart 1)...
Running NMF on 'periportal.hepatic.sinusoidal.endothelial.cell' (number of states = 6, restart 5)...
Running NMF on 'mature.b.cell' (number of states = 5, restart 5)...
Running NMF on 'periportal.hepatic.sinusoidal.endothelial.cell' (number of states = 2, restart 2)...
Running NMF on 'plasma.cell' (number of states = 8, restart 2)...
Running NMF on 'mature.b.cell' (number of states = 9, restart 5)...
Running NMF on 'periportal.hepatic.sinusoidal.endothelial.cell' (number of states = 10, restart 5)...
Running NMF on 'periportal.hepatic.sinusoidal.endothelial.cell' (number of states = 6, restart 2)...
Running NMF on 'mature.b.cell' (number of states = 13, restart 5)...
Running NMF on 'periportal.hepatic.sinusoidal.endothelial.cell' (number of states = 10, restart 2)...
Running NMF on 'mature.b.cell' (number of states = 17, restart 5)...
Running NMF on 'periportal.hepatic.sinusoidal.endothelial.cell' (number of states = 14, restart 5)...
Running NMF on 'natural.killer_like.cell' (number of states = 2, restart 5)...
Running NMF on 'plasma.cell' (number of states = 12, restart 4)...
Running NMF on 'plasma.cell' (number of states = 12, restart 2)...
Running NMF on 'natural.killer_like.cell' (number of states = 6, restart 5)...
Running NMF on 'kupffer.cell' (number of states = 16, restart 1)...
Running NMF on 'periportal.hepatic.sinusoidal.endothelial.cell' (number of states = 14, restart 2)...
Running NMF on 'portal.endothelial.cell' (number of states = 4, restart 1)...
Running NMF on 'portal.endothelial.cell' (number of states = 8, restart 1)...
Running NMF on 'kupffer.cell' (number of states = 4, restart 3)...
Running NMF on 'portal.endothelial.cell' (number of states = 12, restart 1)...
Running NMF on 'periportal.hepatic.sinusoidal.endothelial.cell' (number of states = 18, restart 5)...
Running NMF on 'kupffer.cell' (number of states = 8, restart 3)...
Running NMF on 'natural.killer_like.cell' (number of states = 10, restart 5)...
Running NMF on 'inflammatory.macrophage' (number of states = 4, restart 3)...
Running NMF on 'portal.endothelial.cell' (number of states = 16, restart 1)...
Running NMF on 'periportal.hepatic.sinusoidal.endothelial.cell' (number of states = 18, restart 2)...
Running NMF on 'kupffer.cell' (number of states = 20, restart 1)...
Running NMF on 'portal.endothelial.cell' (number of states = 20, restart 1)...
Running NMF on 'plasma.cell' (number of states = 3, restart 5)...
Running NMF on 'inflammatory.macrophage' (number of states = 16, restart 4)...
Running NMF on 'inflammatory.macrophage' (number of states = 12, restart 2)...
Running NMF on 'kupffer.cell' (number of states = 12, restart 3)...
Running NMF on 'plasma.cell' (number of states = 7, restart 5)...
Running NMF on 'plasma.cell' (number of states = 3, restart 2)...
Running NMF on 'plasma.cell' (number of states = 16, restart 2)...
Running NMF on 'plasma.cell' (number of states = 16, restart 4)...
Running NMF on 'inflammatory.macrophage' (number of states = 12, restart 1)...
Running NMF on 'inflammatory.macrophage' (number of states = 8, restart 3)...
Running NMF on 'plasma.cell' (number of states = 7, restart 2)...
Running NMF on 'natural.killer_like.cell' (number of states = 14, restart 5)...
Running NMF on 'inflammatory.macrophage' (number of states = 16, restart 5)...
Running NMF on 'kupffer.cell' (number of states = 16, restart 3)...
Running NMF on 'plasma.cell' (number of states = 11, restart 2)...
Running NMF on 'mature.b.cell' (number of states = 5, restart 1)...
Running NMF on 'plasma.cell' (number of states = 11, restart 5)...
Running NMF on 'mature.b.cell' (number of states = 9, restart 1)...
Running NMF on 'mature.b.cell' (number of states = 13, restart 1)...
Running NMF on 'mature.b.cell' (number of states = 17, restart 1)...
Running NMF on 'natural.killer_like.cell' (number of states = 2, restart 1)...
Running NMF on 'natural.killer_like.cell' (number of states = 6, restart 1)...
Running NMF on 'kupffer.cell' (number of states = 20, restart 3)...
Running NMF on 'plasma.cell' (number of states = 20, restart 2)...
Running NMF on 'plasma.cell' (number of states = 20, restart 4)...
Running NMF on 'natural.killer_like.cell' (number of states = 18, restart 5)...
Running NMF on 'plasma.cell' (number of states = 15, restart 2)...
Running NMF on 'plasma.cell' (number of states = 15, restart 5)...
Running NMF on 'natural.killer_like.cell' (number of states = 10, restart 1)...
Running NMF on 'mature.b.cell' (number of states = 5, restart 3)...
Running NMF on 'mature.b.cell' (number of states = 9, restart 3)...
Running NMF on 'inflammatory.macrophage' (number of states = 12, restart 3)...
Running NMF on 'mature.b.cell' (number of states = 13, restart 3)...
Running NMF on 'mature.b.cell' (number of states = 17, restart 3)...
Running NMF on 'natural.killer_like.cell' (number of states = 2, restart 3)...
Running NMF on 'natural.killer_like.cell' (number of states = 14, restart 1)...
Running NMF on 'natural.killer_like.cell' (number of states = 6, restart 3)...
Running NMF on 'plasma.cell' (number of states = 19, restart 2)...
Running NMF on 'inflammatory.macrophage' (number of states = 16, restart 2)...
Running NMF on 'plasma.cell' (number of states = 19, restart 5)...
Running NMF on 'periportal.hepatic.sinusoidal.endothelial.cell' (number of states = 3, restart 5)...
Running NMF on 'portal.endothelial.cell' (number of states = 5, restart 2)...
Running NMF on 'periportal.hepatic.sinusoidal.endothelial.cell' (number of states = 7, restart 5)...
Running NMF on 'inflammatory.macrophage' (number of states = 16, restart 1)...
Running NMF on 'portal.endothelial.cell' (number of states = 5, restart 4)...
Running NMF on 'portal.endothelial.cell' (number of states = 9, restart 2)...
Running NMF on 'portal.endothelial.cell' (number of states = 9, restart 4)...
Running NMF on 'portal.endothelial.cell' (number of states = 13, restart 2)...
Running NMF on 'portal.endothelial.cell' (number of states = 13, restart 4)...
Running NMF on 'natural.killer_like.cell' (number of states = 10, restart 3)...
Running NMF on 'periportal.hepatic.sinusoidal.endothelial.cell' (number of states = 11, restart 5)...
Running NMF on 'portal.endothelial.cell' (number of states = 17, restart 2)...
Running NMF on 'portal.endothelial.cell' (number of states = 17, restart 4)...
Running NMF on 'inflammatory.macrophage' (number of states = 20, restart 4)...
Running NMF on 'periportal.hepatic.sinusoidal.endothelial.cell' (number of states = 15, restart 5)...
Running NMF on 'natural.killer_like.cell' (number of states = 18, restart 1)...
Running NMF on 'periportal.hepatic.sinusoidal.endothelial.cell' (number of states = 19, restart 5)...
Running NMF on 'natural.killer_like.cell' (number of states = 14, restart 3)...
Running NMF on 'inflammatory.macrophage' (number of states = 20, restart 5)...
Running NMF on 'portal.endothelial.cell' (number of states = 4, restart 2)...
Running NMF on 'portal.endothelial.cell' (number of states = 4, restart 5)...
Running NMF on 'portal.endothelial.cell' (number of states = 8, restart 2)...
Running NMF on 'portal.endothelial.cell' (number of states = 8, restart 5)...
Running NMF on 'portal.endothelial.cell' (number of states = 12, restart 2)...
Running NMF on 'plasma.cell' (number of states = 4, restart 5)...
Running NMF on 'portal.endothelial.cell' (number of states = 16, restart 2)...
Running NMF on 'portal.endothelial.cell' (number of states = 12, restart 5)...
Running NMF on 'portal.endothelial.cell' (number of states = 16, restart 5)...
Running NMF on 'portal.endothelial.cell' (number of states = 20, restart 2)...
Running NMF on 'plasma.cell' (number of states = 8, restart 5)...
Running NMF on 'portal.endothelial.cell' (number of states = 20, restart 5)...
Running NMF on 'periportal.hepatic.sinusoidal.endothelial.cell' (number of states = 3, restart 1)...
Running NMF on 'natural.killer_like.cell' (number of states = 18, restart 3)...
Running NMF on 'periportal.hepatic.sinusoidal.endothelial.cell' (number of states = 7, restart 1)...
Running NMF on 'inflammatory.macrophage' (number of states = 16, restart 3)...
Running NMF on 'periportal.hepatic.sinusoidal.endothelial.cell' (number of states = 11, restart 1)...
Running NMF on 'plasma.cell' (number of states = 12, restart 5)...
Running NMF on 'periportal.hepatic.sinusoidal.endothelial.cell' (number of states = 15, restart 1)...
Running NMF on 'periportal.hepatic.sinusoidal.endothelial.cell' (number of states = 19, restart 1)...
Running NMF on 'inflammatory.macrophage' (number of states = 20, restart 2)...
Running NMF on 'plasma.cell' (number of states = 16, restart 5)...
Running NMF on 'periportal.hepatic.sinusoidal.endothelial.cell' (number of states = 3, restart 3)...
Running NMF on 'periportal.hepatic.sinusoidal.endothelial.cell' (number of states = 7, restart 3)...
Running NMF on 'inflammatory.macrophage' (number of states = 20, restart 1)...
Running NMF on 'periportal.hepatic.sinusoidal.endothelial.cell' (number of states = 11, restart 3)...
Running NMF on 'plasma.cell' (number of states = 4, restart 1)...
Running NMF on 'plasma.cell' (number of states = 8, restart 1)...
Running NMF on 'periportal.hepatic.sinusoidal.endothelial.cell' (number of states = 15, restart 3)...
Running NMF on 'periportal.hepatic.sinusoidal.endothelial.cell' (number of states = 19, restart 3)...
Running NMF on 'plasma.cell' (number of states = 20, restart 5)...
Running NMF on 'plasma.cell' (number of states = 12, restart 1)...
Running NMF on 'kupffer.cell' (number of states = 5, restart 4)...
Running NMF on 'plasma.cell' (number of states = 4, restart 3)...
Running NMF on 'kupffer.cell' (number of states = 9, restart 4)...
Running NMF on 'plasma.cell' (number of states = 8, restart 3)...
Running NMF on 'kupffer.cell' (number of states = 5, restart 5)...
Running NMF on 'kupffer.cell' (number of states = 13, restart 4)...
Running NMF on 'plasma.cell' (number of states = 16, restart 1)...
Running NMF on 'inflammatory.macrophage' (number of states = 20, restart 3)...
Running NMF on 'kupffer.cell' (number of states = 9, restart 5)...
Running NMF on 'plasma.cell' (number of states = 12, restart 3)...
Running NMF on 'kupffer.cell' (number of states = 17, restart 4)...
Running NMF on 'portal.endothelial.cell' (number of states = 5, restart 5)...
Running NMF on 'kupffer.cell' (number of states = 13, restart 5)...
Running NMF on 'portal.endothelial.cell' (number of states = 9, restart 5)...
Running NMF on 'portal.endothelial.cell' (number of states = 13, restart 5)...
Running NMF on 'portal.endothelial.cell' (number of states = 17, restart 5)...
Running NMF on 'plasma.cell' (number of states = 16, restart 3)...
Running NMF on 'kupffer.cell' (number of states = 17, restart 5)...
Running NMF on 'plasma.cell' (number of states = 20, restart 1)...
Running NMF on 'mature.b.cell' (number of states = 2, restart 4)...
Running NMF on 'mature.b.cell' (number of states = 6, restart 4)...
Running NMF on 'mature.b.cell' (number of states = 10, restart 4)...
Running NMF on 'mature.b.cell' (number of states = 14, restart 4)...
Running NMF on 'mature.b.cell' (number of states = 18, restart 4)...
Running NMF on 'natural.killer_like.cell' (number of states = 3, restart 4)...
Running NMF on 'natural.killer_like.cell' (number of states = 7, restart 4)...
Running NMF on 'mature.b.cell' (number of states = 2, restart 5)...
Running NMF on 'mature.b.cell' (number of states = 6, restart 5)...
Running NMF on 'mature.b.cell' (number of states = 10, restart 5)...
Running NMF on 'kupffer.cell' (number of states = 5, restart 2)...
Running NMF on 'mature.b.cell' (number of states = 14, restart 5)...
Running NMF on 'mature.b.cell' (number of states = 18, restart 5)...
Running NMF on 'kupffer.cell' (number of states = 9, restart 2)...
Running NMF on 'kupffer.cell' (number of states = 5, restart 1)...
Running NMF on 'natural.killer_like.cell' (number of states = 3, restart 5)...
Running NMF on 'natural.killer_like.cell' (number of states = 11, restart 4)...
Running NMF on 'plasma.cell' (number of states = 20, restart 3)...
Running NMF on 'kupffer.cell' (number of states = 9, restart 1)...
Running NMF on 'natural.killer_like.cell' (number of states = 7, restart 5)...
Running NMF on 'kupffer.cell' (number of states = 13, restart 2)...
Running NMF on 'portal.endothelial.cell' (number of states = 5, restart 1)...
Running NMF on 'portal.endothelial.cell' (number of states = 9, restart 1)...
Running NMF on 'portal.endothelial.cell' (number of states = 13, restart 1)...
Running NMF on 'kupffer.cell' (number of states = 13, restart 1)...
Running NMF on 'portal.endothelial.cell' (number of states = 17, restart 1)...
Running NMF on 'natural.killer_like.cell' (number of states = 11, restart 5)...
Running NMF on 'natural.killer_like.cell' (number of states = 15, restart 4)...
Running NMF on 'kupffer.cell' (number of states = 17, restart 2)...
Running NMF on 'inflammatory.macrophage' (number of states = 5, restart 1)...
Running NMF on 'kupffer.cell' (number of states = 17, restart 1)...
Running NMF on 'portal.endothelial.cell' (number of states = 5, restart 3)...
Running NMF on 'natural.killer_like.cell' (number of states = 15, restart 5)...
Running NMF on 'portal.endothelial.cell' (number of states = 9, restart 3)...
Running NMF on 'mature.b.cell' (number of states = 2, restart 2)...
Running NMF on 'mature.b.cell' (number of states = 6, restart 2)...
Running NMF on 'portal.endothelial.cell' (number of states = 13, restart 3)...
Running NMF on 'mature.b.cell' (number of states = 10, restart 2)...
Running NMF on 'mature.b.cell' (number of states = 14, restart 2)...
Running NMF on 'portal.endothelial.cell' (number of states = 17, restart 3)...
Running NMF on 'mature.b.cell' (number of states = 2, restart 1)...
Running NMF on 'inflammatory.macrophage' (number of states = 9, restart 1)...
Running NMF on 'natural.killer_like.cell' (number of states = 19, restart 4)...
Running NMF on 'mature.b.cell' (number of states = 6, restart 1)...
Running NMF on 'mature.b.cell' (number of states = 18, restart 2)...
Running NMF on 'mature.b.cell' (number of states = 10, restart 1)...
Running NMF on 'kupffer.cell' (number of states = 5, restart 3)...
Running NMF on 'natural.killer_like.cell' (number of states = 3, restart 2)...
Running NMF on 'mature.b.cell' (number of states = 14, restart 1)...
Running NMF on 'kupffer.cell' (number of states = 9, restart 3)...
Running NMF on 'mature.b.cell' (number of states = 18, restart 1)...
Running NMF on 'natural.killer_like.cell' (number of states = 7, restart 2)...
Running NMF on 'natural.killer_like.cell' (number of states = 3, restart 1)...
Running NMF on 'natural.killer_like.cell' (number of states = 7, restart 1)...
Running NMF on 'inflammatory.macrophage' (number of states = 5, restart 4)...
Running NMF on 'kupffer.cell' (number of states = 13, restart 3)...
Running NMF on 'natural.killer_like.cell' (number of states = 19, restart 5)...
Running NMF on 'natural.killer_like.cell' (number of states = 11, restart 2)...
Running NMF on 'natural.killer_like.cell' (number of states = 11, restart 1)...
Running NMF on 'inflammatory.macrophage' (number of states = 5, restart 2)...
Running NMF on 'kupffer.cell' (number of states = 17, restart 3)...
Running NMF on 'periportal.hepatic.sinusoidal.endothelial.cell' (number of states = 4, restart 4)...
Running NMF on 'periportal.hepatic.sinusoidal.endothelial.cell' (number of states = 8, restart 4)...
Running NMF on 'inflammatory.macrophage' (number of states = 5, restart 3)...
Running NMF on 'inflammatory.macrophage' (number of states = 9, restart 4)...
Running NMF on 'inflammatory.macrophage' (number of states = 5, restart 5)...
Running NMF on 'natural.killer_like.cell' (number of states = 15, restart 2)...
Running NMF on 'periportal.hepatic.sinusoidal.endothelial.cell' (number of states = 12, restart 4)...
Running NMF on 'natural.killer_like.cell' (number of states = 15, restart 1)...
Running NMF on 'mature.b.cell' (number of states = 2, restart 3)...
Running NMF on 'mature.b.cell' (number of states = 6, restart 3)...
Running NMF on 'mature.b.cell' (number of states = 10, restart 3)...
Running NMF on 'periportal.hepatic.sinusoidal.endothelial.cell' (number of states = 16, restart 4)...
Running NMF on 'periportal.hepatic.sinusoidal.endothelial.cell' (number of states = 4, restart 5)...
Running NMF on 'mature.b.cell' (number of states = 14, restart 3)...
Running NMF on 'inflammatory.macrophage' (number of states = 13, restart 1)...
Running NMF on 'periportal.hepatic.sinusoidal.endothelial.cell' (number of states = 8, restart 5)...
Running NMF on 'mature.b.cell' (number of states = 18, restart 3)...
Running NMF on 'inflammatory.macrophage' (number of states = 9, restart 3)...
Running NMF on 'natural.killer_like.cell' (number of states = 3, restart 3)...
Running NMF on 'inflammatory.macrophage' (number of states = 9, restart 2)...
Running NMF on 'periportal.hepatic.sinusoidal.endothelial.cell' (number of states = 12, restart 5)...
Running NMF on 'natural.killer_like.cell' (number of states = 7, restart 3)...
Running NMF on 'inflammatory.macrophage' (number of states = 9, restart 5)...
Running NMF on 'periportal.hepatic.sinusoidal.endothelial.cell' (number of states = 20, restart 4)...
Running NMF on 'natural.killer_like.cell' (number of states = 19, restart 2)...
Running NMF on 'natural.killer_like.cell' (number of states = 19, restart 1)...
Running NMF on 'periportal.hepatic.sinusoidal.endothelial.cell' (number of states = 16, restart 5)...
Running NMF on 'natural.killer_like.cell' (number of states = 11, restart 3)...
Running NMF on 'plasma.cell' (number of states = 5, restart 4)...
Running NMF on 'periportal.hepatic.sinusoidal.endothelial.cell' (number of states = 20, restart 5)...
Running NMF on 'plasma.cell' (number of states = 9, restart 4)...
Running NMF on 'inflammatory.macrophage' (number of states = 13, restart 4)...
Running NMF on 'natural.killer_like.cell' (number of states = 15, restart 3)...
Running NMF on 'periportal.hepatic.sinusoidal.endothelial.cell' (number of states = 4, restart 2)...
Running NMF on 'plasma.cell' (number of states = 5, restart 5)...
Running NMF on 'periportal.hepatic.sinusoidal.endothelial.cell' (number of states = 8, restart 2)...
Running NMF on 'plasma.cell' (number of states = 13, restart 4)...
Running NMF on 'periportal.hepatic.sinusoidal.endothelial.cell' (number of states = 4, restart 1)...
Running NMF on 'periportal.hepatic.sinusoidal.endothelial.cell' (number of states = 8, restart 1)...
Running NMF on 'periportal.hepatic.sinusoidal.endothelial.cell' (number of states = 12, restart 2)...
Running NMF on 'inflammatory.macrophage' (number of states = 13, restart 3)...
Running NMF on 'plasma.cell' (number of states = 9, restart 5)...
Running NMF on 'inflammatory.macrophage' (number of states = 13, restart 5)...
Running NMF on 'periportal.hepatic.sinusoidal.endothelial.cell' (number of states = 12, restart 1)...
Running NMF on 'inflammatory.macrophage' (number of states = 13, restart 2)...
Running NMF on 'periportal.hepatic.sinusoidal.endothelial.cell' (number of states = 16, restart 2)...
Running NMF on 'plasma.cell' (number of states = 13, restart 5)...
Running NMF on 'natural.killer_like.cell' (number of states = 19, restart 3)...
Running NMF on 'periportal.hepatic.sinusoidal.endothelial.cell' (number of states = 20, restart 2)...
Running NMF on 'inflammatory.macrophage' (number of states = 17, restart 1)...
Running NMF on 'periportal.hepatic.sinusoidal.endothelial.cell' (number of states = 16, restart 1)...
Running NMF on 'plasma.cell' (number of states = 17, restart 4)...
Running NMF on 'plasma.cell' (number of states = 5, restart 2)...
Running NMF on 'periportal.hepatic.sinusoidal.endothelial.cell' (number of states = 20, restart 1)...
Running NMF on 'plasma.cell' (number of states = 9, restart 2)...
Running NMF on 'plasma.cell' (number of states = 17, restart 5)...
Running NMF on 'plasma.cell' (number of states = 5, restart 1)...
Running NMF on 'plasma.cell' (number of states = 9, restart 1)...
Running NMF on 'periportal.hepatic.sinusoidal.endothelial.cell' (number of states = 4, restart 3)...
Running NMF on 'inflammatory.macrophage' (number of states = 17, restart 4)...
Running NMF on 'plasma.cell' (number of states = 13, restart 2)...
Running NMF on 'portal.endothelial.cell' (number of states = 2, restart 4)...
Running NMF on 'periportal.hepatic.sinusoidal.endothelial.cell' (number of states = 8, restart 3)...
Running NMF on 'portal.endothelial.cell' (number of states = 6, restart 4)...
Running NMF on 'portal.endothelial.cell' (number of states = 10, restart 4)...
Running NMF on 'portal.endothelial.cell' (number of states = 14, restart 4)...
Running NMF on 'periportal.hepatic.sinusoidal.endothelial.cell' (number of states = 12, restart 3)...
Running NMF on 'portal.endothelial.cell' (number of states = 18, restart 4)...
Running NMF on 'plasma.cell' (number of states = 13, restart 1)...
Running NMF on 'periportal.hepatic.sinusoidal.endothelial.cell' (number of states = 16, restart 3)...
Running NMF on 'portal.endothelial.cell' (number of states = 2, restart 5)...
Running NMF on 'portal.endothelial.cell' (number of states = 6, restart 5)...
Running NMF on 'inflammatory.macrophage' (number of states = 17, restart 3)...
Running NMF on 'portal.endothelial.cell' (number of states = 10, restart 5)...
Running NMF on 'plasma.cell' (number of states = 17, restart 2)...
Running NMF on 'inflammatory.macrophage' (number of states = 17, restart 2)...
Running NMF on 'inflammatory.macrophage' (number of states = 17, restart 5)...
Running NMF on 'portal.endothelial.cell' (number of states = 14, restart 5)...
Running NMF on 'periportal.hepatic.sinusoidal.endothelial.cell' (number of states = 20, restart 3)...
Running NMF on 'portal.endothelial.cell' (number of states = 18, restart 5)...
Running NMF on 'plasma.cell' (number of states = 5, restart 3)...
Running NMF on 'plasma.cell' (number of states = 17, restart 1)...
Running NMF on 'plasma.cell' (number of states = 9, restart 3)...
Running NMF on 'kupffer.cell' (number of states = 2, restart 1)...
Running NMF on 'portal.endothelial.cell' (number of states = 2, restart 2)...
Running NMF on 'kupffer.cell' (number of states = 6, restart 1)...
Running NMF on 'portal.endothelial.cell' (number of states = 6, restart 2)...
Running NMF on 'portal.endothelial.cell' (number of states = 10, restart 2)...
Running NMF on 'kupffer.cell' (number of states = 10, restart 1)...
Running NMF on 'portal.endothelial.cell' (number of states = 14, restart 2)...
Running NMF on 'plasma.cell' (number of states = 13, restart 3)...
Running NMF on 'portal.endothelial.cell' (number of states = 18, restart 2)...
Running NMF on 'portal.endothelial.cell' (number of states = 2, restart 1)...
Running NMF on 'portal.endothelial.cell' (number of states = 6, restart 1)...
Running NMF on 'kupffer.cell' (number of states = 14, restart 1)...
Running NMF on 'portal.endothelial.cell' (number of states = 10, restart 1)...
Running NMF on 'portal.endothelial.cell' (number of states = 14, restart 1)...
Running NMF on 'portal.endothelial.cell' (number of states = 18, restart 1)...
Running NMF on 'kupffer.cell' (number of states = 2, restart 4)...
Running NMF on 'kupffer.cell' (number of states = 6, restart 4)...
Running NMF on 'kupffer.cell' (number of states = 18, restart 1)...
Running NMF on 'plasma.cell' (number of states = 17, restart 3)...
Running NMF on 'kupffer.cell' (number of states = 10, restart 4)...
Running NMF on 'kupffer.cell' (number of states = 14, restart 4)...
Running NMF on 'mature.b.cell' (number of states = 3, restart 1)...
Running NMF on 'mature.b.cell' (number of states = 7, restart 1)...
Running NMF on 'mature.b.cell' (number of states = 11, restart 1)...
Running NMF on 'kupffer.cell' (number of states = 2, restart 3)...
Running NMF on 'mature.b.cell' (number of states = 15, restart 1)...
Running NMF on 'kupffer.cell' (number of states = 2, restart 2)...
Running NMF on 'kupffer.cell' (number of states = 6, restart 3)...
Running NMF on 'kupffer.cell' (number of states = 2, restart 5)...
Running NMF on 'kupffer.cell' (number of states = 6, restart 2)...
Running NMF on 'mature.b.cell' (number of states = 19, restart 1)...
Running NMF on 'kupffer.cell' (number of states = 6, restart 5)...
Running NMF on 'natural.killer_like.cell' (number of states = 4, restart 1)...
Running NMF on 'kupffer.cell' (number of states = 10, restart 3)...
Running NMF on 'kupffer.cell' (number of states = 18, restart 4)...
Running NMF on 'portal.endothelial.cell' (number of states = 2, restart 3)...
Running NMF on 'portal.endothelial.cell' (number of states = 6, restart 3)...
Running NMF on 'kupffer.cell' (number of states = 10, restart 2)...
Running NMF on 'kupffer.cell' (number of states = 10, restart 5)...
Running NMF on 'portal.endothelial.cell' (number of states = 10, restart 3)...
Running NMF on 'portal.endothelial.cell' (number of states = 14, restart 3)...
Running NMF on 'natural.killer_like.cell' (number of states = 8, restart 1)...
Running NMF on 'kupffer.cell' (number of states = 14, restart 3)...
Running NMF on 'portal.endothelial.cell' (number of states = 18, restart 3)...
Running NMF on 'kupffer.cell' (number of states = 14, restart 5)...
Running NMF on 'kupffer.cell' (number of states = 14, restart 2)...
Running NMF on 'mature.b.cell' (number of states = 3, restart 4)...
Running NMF on 'mature.b.cell' (number of states = 7, restart 4)...
Running NMF on 'natural.killer_like.cell' (number of states = 12, restart 1)...
Running NMF on 'mature.b.cell' (number of states = 11, restart 4)...
Running NMF on 'kupffer.cell' (number of states = 18, restart 3)...
Running NMF on 'mature.b.cell' (number of states = 15, restart 4)...
Running NMF on 'kupffer.cell' (number of states = 18, restart 5)...
Running NMF on 'mature.b.cell' (number of states = 19, restart 4)...
Running NMF on 'kupffer.cell' (number of states = 18, restart 2)...
Running NMF on 'natural.killer_like.cell' (number of states = 4, restart 4)...
Running NMF on 'natural.killer_like.cell' (number of states = 8, restart 4)...
Running NMF on 'mature.b.cell' (number of states = 3, restart 3)...
Running NMF on 'natural.killer_like.cell' (number of states = 16, restart 1)...
Running NMF on 'mature.b.cell' (number of states = 7, restart 3)...
Running NMF on 'mature.b.cell' (number of states = 3, restart 5)...
Running NMF on 'mature.b.cell' (number of states = 11, restart 3)...
Running NMF on 'mature.b.cell' (number of states = 7, restart 5)...
Running NMF on 'mature.b.cell' (number of states = 15, restart 3)...
Running NMF on 'mature.b.cell' (number of states = 3, restart 2)...
Running NMF on 'mature.b.cell' (number of states = 11, restart 5)...
Running NMF on 'mature.b.cell' (number of states = 7, restart 2)...
Running NMF on 'mature.b.cell' (number of states = 19, restart 3)...
Running NMF on 'natural.killer_like.cell' (number of states = 12, restart 4)...
Running NMF on 'mature.b.cell' (number of states = 11, restart 2)...
Running NMF on 'mature.b.cell' (number of states = 15, restart 5)...
Running NMF on 'mature.b.cell' (number of states = 15, restart 2)...
Running NMF on 'mature.b.cell' (number of states = 19, restart 5)...
Running NMF on 'natural.killer_like.cell' (number of states = 4, restart 3)...
Running NMF on 'mature.b.cell' (number of states = 19, restart 2)...
Running NMF on 'natural.killer_like.cell' (number of states = 4, restart 5)...
Running NMF on 'natural.killer_like.cell' (number of states = 4, restart 2)...
Running NMF on 'natural.killer_like.cell' (number of states = 8, restart 3)...
Running NMF on 'natural.killer_like.cell' (number of states = 8, restart 5)...
Running NMF on 'natural.killer_like.cell' (number of states = 8, restart 2)...
Running NMF on 'natural.killer_like.cell' (number of states = 20, restart 1)...
Running NMF on 'natural.killer_like.cell' (number of states = 16, restart 4)...
Running NMF on 'natural.killer_like.cell' (number of states = 12, restart 3)...
Running NMF on 'natural.killer_like.cell' (number of states = 12, restart 5)...
Running NMF on 'natural.killer_like.cell' (number of states = 12, restart 2)...
Running NMF on 'natural.killer_like.cell' (number of states = 16, restart 3)...
Running NMF on 'natural.killer_like.cell' (number of states = 16, restart 5)...
Running NMF on 'natural.killer_like.cell' (number of states = 20, restart 4)...
Running NMF on 'natural.killer_like.cell' (number of states = 16, restart 2)...
Running NMF on 'periportal.hepatic.sinusoidal.endothelial.cell' (number of states = 5, restart 1)...
Running NMF on 'periportal.hepatic.sinusoidal.endothelial.cell' (number of states = 9, restart 1)...
Running NMF on 'periportal.hepatic.sinusoidal.endothelial.cell' (number of states = 13, restart 1)...
Running NMF on 'natural.killer_like.cell' (number of states = 20, restart 3)...
Running NMF on 'natural.killer_like.cell' (number of states = 20, restart 5)...
Running NMF on 'periportal.hepatic.sinusoidal.endothelial.cell' (number of states = 17, restart 1)...
Running NMF on 'natural.killer_like.cell' (number of states = 20, restart 2)...
Running NMF on 'periportal.hepatic.sinusoidal.endothelial.cell' (number of states = 5, restart 4)...
Running NMF on 'plasma.cell' (number of states = 2, restart 1)...
Running NMF on 'periportal.hepatic.sinusoidal.endothelial.cell' (number of states = 9, restart 4)...
Running NMF on 'plasma.cell' (number of states = 6, restart 1)...
Running NMF on 'periportal.hepatic.sinusoidal.endothelial.cell' (number of states = 13, restart 4)...
Running NMF on 'plasma.cell' (number of states = 10, restart 1)...
Running NMF on 'periportal.hepatic.sinusoidal.endothelial.cell' (number of states = 17, restart 4)...
Running NMF on 'periportal.hepatic.sinusoidal.endothelial.cell' (number of states = 5, restart 3)...
Running NMF on 'periportal.hepatic.sinusoidal.endothelial.cell' (number of states = 5, restart 5)...
Running NMF on 'periportal.hepatic.sinusoidal.endothelial.cell' (number of states = 9, restart 3)...
Running NMF on 'periportal.hepatic.sinusoidal.endothelial.cell' (number of states = 5, restart 2)...
Running NMF on 'periportal.hepatic.sinusoidal.endothelial.cell' (number of states = 9, restart 5)...
Running NMF on 'periportal.hepatic.sinusoidal.endothelial.cell' (number of states = 9, restart 2)...
Running NMF on 'periportal.hepatic.sinusoidal.endothelial.cell' (number of states = 13, restart 3)...
Running NMF on 'plasma.cell' (number of states = 2, restart 4)...
Running NMF on 'periportal.hepatic.sinusoidal.endothelial.cell' (number of states = 13, restart 2)...
Running NMF on 'periportal.hepatic.sinusoidal.endothelial.cell' (number of states = 13, restart 5)...
Running NMF on 'plasma.cell' (number of states = 6, restart 4)...
Running NMF on 'plasma.cell' (number of states = 14, restart 1)...
Running NMF on 'periportal.hepatic.sinusoidal.endothelial.cell' (number of states = 17, restart 3)...
Running NMF on 'periportal.hepatic.sinusoidal.endothelial.cell' (number of states = 17, restart 2)...
Running NMF on 'periportal.hepatic.sinusoidal.endothelial.cell' (number of states = 17, restart 5)...
Running NMF on 'plasma.cell' (number of states = 10, restart 4)...
Running NMF on 'plasma.cell' (number of states = 2, restart 3)...
Running NMF on 'plasma.cell' (number of states = 6, restart 3)...
Running NMF on 'plasma.cell' (number of states = 2, restart 2)...
Running NMF on 'plasma.cell' (number of states = 2, restart 5)...
Running NMF on 'plasma.cell' (number of states = 6, restart 2)...
Running NMF on 'plasma.cell' (number of states = 6, restart 5)...
Running NMF on 'plasma.cell' (number of states = 18, restart 1)...
Running NMF on 'plasma.cell' (number of states = 14, restart 4)...
Running NMF on 'plasma.cell' (number of states = 10, restart 3)...
Running NMF on 'plasma.cell' (number of states = 10, restart 5)...
Running NMF on 'plasma.cell' (number of states = 10, restart 2)...
Running NMF on 'plasma.cell' (number of states = 14, restart 3)...
Running NMF on 'plasma.cell' (number of states = 14, restart 5)...
Running NMF on 'plasma.cell' (number of states = 18, restart 4)...
Running NMF on 'plasma.cell' (number of states = 14, restart 2)...
Running NMF on 'portal.endothelial.cell' (number of states = 3, restart 1)...
Running NMF on 'portal.endothelial.cell' (number of states = 7, restart 1)...
Running NMF on 'portal.endothelial.cell' (number of states = 11, restart 1)...
Running NMF on 'portal.endothelial.cell' (number of states = 15, restart 1)...
Running NMF on 'portal.endothelial.cell' (number of states = 19, restart 1)...
Running NMF on 'plasma.cell' (number of states = 18, restart 3)...
Running NMF on 'plasma.cell' (number of states = 18, restart 5)...
Running NMF on 'plasma.cell' (number of states = 18, restart 2)...
Running NMF on 'portal.endothelial.cell' (number of states = 3, restart 4)...
Running NMF on 'portal.endothelial.cell' (number of states = 7, restart 4)...
Running NMF on 'portal.endothelial.cell' (number of states = 11, restart 4)...
Running NMF on 'portal.endothelial.cell' (number of states = 15, restart 4)...
Running NMF on 'portal.endothelial.cell' (number of states = 19, restart 4)...
Running NMF on 'portal.endothelial.cell' (number of states = 3, restart 3)...
Running NMF on 'portal.endothelial.cell' (number of states = 7, restart 3)...
Running NMF on 'portal.endothelial.cell' (number of states = 3, restart 5)...
Running NMF on 'portal.endothelial.cell' (number of states = 11, restart 3)...
Running NMF on 'portal.endothelial.cell' (number of states = 7, restart 5)...
Running NMF on 'portal.endothelial.cell' (number of states = 3, restart 2)...
Running NMF on 'portal.endothelial.cell' (number of states = 15, restart 3)...
Running NMF on 'portal.endothelial.cell' (number of states = 7, restart 2)...
Running NMF on 'portal.endothelial.cell' (number of states = 11, restart 5)...
Running NMF on 'portal.endothelial.cell' (number of states = 11, restart 2)...
Running NMF on 'portal.endothelial.cell' (number of states = 15, restart 5)...
Running NMF on 'portal.endothelial.cell' (number of states = 19, restart 3)...
Running NMF on 'portal.endothelial.cell' (number of states = 15, restart 2)...
Running NMF on 'portal.endothelial.cell' (number of states = 19, restart 5)...
Running NMF on 'portal.endothelial.cell' (number of states = 19, restart 2)...
Step 2 (cell state discovery on correrlation matrices): Aggregating NMF results...
Combining NMF restarts for 'alpha_beta.t.cell'...
Combining NMF restarts for 'plasma.cell'...
Combining NMF restarts for 'cholangiocyte'...
Combining NMF restarts for 'erythroid.lineage.cell'...
Combining NMF restarts for 'hepatocyte'...
Combining NMF restarts for 'mature.b.cell'...
Combining NMF restarts for 'portal.endothelial.cell'...
Combining NMF restarts for 'kupffer.cell'...
Combining NMF restarts for 'inflammatory.macrophage'...
Combining NMF restarts for 'gamma_delta.t.cell'...
Combining NMF restarts for 'periportal.hepatic.sinusoidal.endothelial.cell'...
Combining NMF restarts for 'natural.killer_like.cell'...
Combining NMF restarts for 'central.venous.hepatic.sinusoidal.endothelial.cell'...
Step 2 (cell state discovery on correrlation matrices) finished successfully!
Skipping step 3 (choosing the number of cell states)...

Skipping step 4 (extracting cell state information)...
Fehler: Unerwartete(s) 'in' in: 
"                        next
                }                                in"
Ausfhrung angehalten
